#
# There is insufficient memory for the Java Runtime Environment to continue.
# Native memory allocation (malloc) failed to allocate 1540336 bytes for Chunk::new
# Possible reasons:
#   The system is out of physical RAM or swap space
#   The process is running with CompressedOops enabled, and the Java Heap may be blocking the growth of the native heap
# Possible solutions:
#   Reduce memory load on the system
#   Increase physical memory or swap space
#   Check if swap backing store is full
#   Decrease Java heap size (-Xmx/-Xms)
#   Decrease number of Java threads
#   Decrease Java thread stack sizes (-Xss)
#   Set larger code cache with -XX:ReservedCodeCacheSize=
#   JVM is running with Unscaled Compressed Oops mode in which the Java heap is
#     placed in the first 4GB address space. The Java Heap base address is the
#     maximum limit for the native heap growth. Please use -XX:HeapBaseMinAddress
#     to set the Java Heap base and to place the Java Heap above 4GB virtual address.
# This output file may be truncated or incomplete.
#
#  Out of Memory Error (arena.cpp:184), pid=11300, tid=12948
#
# JRE version: Java(TM) SE Runtime Environment (18.0.2.1+1) (build 18.0.2.1+1-1)
# Java VM: Java HotSpot(TM) 64-Bit Server VM (18.0.2.1+1-1, mixed mode, sharing, tiered, compressed oops, compressed class ptrs, g1 gc, windows-amd64)
# No core dump will be written. Minidumps are not enabled by default on client versions of Windows
#

---------------  S U M M A R Y ------------

Command Line: org.jetbrains.kotlin.cli.jvm.K2JVMCompiler @D:\Front-end\Projects\React native cli\myNative\node_modules\react-native-gesture-handler\android\build\20220827_3758465465790343458.compiler.options

Host: Intel(R) Core(TM) i5-4690 CPU @ 3.50GHz, 4 cores, 7G,  Windows 10 , 64 bit Build 19041 (10.0.19041.1889)
Time: Sat Aug 27 02:56:36 2022 RTZ 2 (s 10 , 64 bit Build 19041 (10.0.19041.1889) elapsed time: 9.967905 seconds (0d 0h 0m 9s)

---------------  T H R E A D  ---------------

Current thread (0x00000257e60a09e0):  JavaThread "C2 CompilerThread0" daemon [_thread_in_native, id=12948, stack(0x0000008cf6200000,0x0000008cf6300000)]


Current CompileTask:
C2:   9967 10324       4       org.jetbrains.kotlin.descriptors.impl.FunctionDescriptorImpl::getSubstitutedValueParameters (270 bytes)

Stack: [0x0000008cf6200000,0x0000008cf6300000]
Native frames: (J=compiled Java code, j=interpreted, Vv=VM code, C=native code)
V  [jvm.dll+0x6993aa]
V  [jvm.dll+0x7f46dd]
V  [jvm.dll+0x7f5fee]
V  [jvm.dll+0x7f66a3]
V  [jvm.dll+0x25cf1f]
V  [jvm.dll+0xb8c2f]
V  [jvm.dll+0xb8fa5]
V  [jvm.dll+0x386091]
V  [jvm.dll+0x34fe71]
V  [jvm.dll+0x34f30a]
V  [jvm.dll+0x230101]
V  [jvm.dll+0x22f4d1]
V  [jvm.dll+0x1ba01c]
V  [jvm.dll+0x23ee0a]
V  [jvm.dll+0x23d0f5]
V  [jvm.dll+0x7a6dd1]
V  [jvm.dll+0x7a120a]
V  [jvm.dll+0x698255]
C  [ucrtbase.dll+0x21bb2]
C  [KERNEL32.DLL+0x17034]
C  [ntdll.dll+0x52651]


---------------  P R O C E S S  ---------------

Threads class SMR info:
_java_thread_list=0x00000257eca05870, length=13, elements={
0x00000257c6806e20, 0x00000257e6085100, 0x00000257e608aac0, 0x00000257e609c020,
0x00000257e609c9c0, 0x00000257e609d360, 0x00000257e609dd00, 0x00000257e60a09e0,
0x00000257e60b1cc0, 0x00000257e6124f70, 0x00000257ea4867f0, 0x00000257ea48e510,
0x00000257ea4ba500
}

Java Threads: ( => current thread )
  0x00000257c6806e20 JavaThread "main" [_thread_blocked, id=5240, stack(0x0000008cf5500000,0x0000008cf5600000)]
  0x00000257e6085100 JavaThread "Reference Handler" daemon [_thread_blocked, id=6236, stack(0x0000008cf5c00000,0x0000008cf5d00000)]
  0x00000257e608aac0 JavaThread "Finalizer" daemon [_thread_blocked, id=12896, stack(0x0000008cf5d00000,0x0000008cf5e00000)]
  0x00000257e609c020 JavaThread "Signal Dispatcher" daemon [_thread_blocked, id=9724, stack(0x0000008cf5e00000,0x0000008cf5f00000)]
  0x00000257e609c9c0 JavaThread "Attach Listener" daemon [_thread_blocked, id=13096, stack(0x0000008cf5f00000,0x0000008cf6000000)]
  0x00000257e609d360 JavaThread "Service Thread" daemon [_thread_blocked, id=12644, stack(0x0000008cf6000000,0x0000008cf6100000)]
  0x00000257e609dd00 JavaThread "Monitor Deflation Thread" daemon [_thread_blocked, id=12880, stack(0x0000008cf6100000,0x0000008cf6200000)]
=>0x00000257e60a09e0 JavaThread "C2 CompilerThread0" daemon [_thread_in_native, id=12948, stack(0x0000008cf6200000,0x0000008cf6300000)]
  0x00000257e60b1cc0 JavaThread "C1 CompilerThread0" daemon [_thread_blocked, id=5320, stack(0x0000008cf6300000,0x0000008cf6400000)]
  0x00000257e6124f70 JavaThread "Sweeper thread" daemon [_thread_blocked, id=7572, stack(0x0000008cf6400000,0x0000008cf6500000)]
  0x00000257ea4867f0 JavaThread "Notification Thread" daemon [_thread_blocked, id=5328, stack(0x0000008cf6500000,0x0000008cf6600000)]
  0x00000257ea48e510 JavaThread "Common-Cleaner" daemon [_thread_blocked, id=12884, stack(0x0000008cf6700000,0x0000008cf6800000)]
  0x00000257ea4ba500 JavaThread "C2 CompilerThread1" daemon [_thread_in_native, id=6284, stack(0x0000008cf6800000,0x0000008cf6900000)]

Other Threads:
  0x00000257e6082100 VMThread "VM Thread" [stack: 0x0000008cf5b00000,0x0000008cf5c00000] [id=13168] _threads_hazard_ptr=0x00000257eca05870
  0x00000257ea48d8e0 WatcherThread "VM Periodic Task Thread" [stack: 0x0000008cf6600000,0x0000008cf6700000] [id=5884]
  0x00000257c6866fb0 WorkerThread "GC Thread#0" [stack: 0x0000008cf5600000,0x0000008cf5700000] [id=5072]
  0x00000257ea82a350 WorkerThread "GC Thread#1" [stack: 0x0000008cf6900000,0x0000008cf6a00000] [id=8156]
  0x00000257ea82a5f0 WorkerThread "GC Thread#2" [stack: 0x0000008cf6a00000,0x0000008cf6b00000] [id=12996]
  0x00000257ea7db6e0 WorkerThread "GC Thread#3" [stack: 0x0000008cf6b00000,0x0000008cf6c00000] [id=12964]
  0x00000257c6877ca0 ConcurrentGCThread "G1 Main Marker" [stack: 0x0000008cf5700000,0x0000008cf5800000] [id=8552]
  0x00000257c6878e30 WorkerThread "G1 Conc#0" [stack: 0x0000008cf5800000,0x0000008cf5900000] [id=13036]
  0x00000257c68bb3b0 ConcurrentGCThread "G1 Refine#0" [stack: 0x0000008cf5900000,0x0000008cf5a00000] [id=7184]
  0x00000257ede66940 ConcurrentGCThread "G1 Refine#1" [stack: 0x0000008cf6c00000,0x0000008cf6d00000] [id=10560]
  0x00000257c68bbcc0 ConcurrentGCThread "G1 Service" [stack: 0x0000008cf5a00000,0x0000008cf5b00000] [id=11944]

Threads with active compile tasks:
C2 CompilerThread0     9982 10324       4       org.jetbrains.kotlin.descriptors.impl.FunctionDescriptorImpl::getSubstitutedValueParameters (270 bytes)
C2 CompilerThread1     9982 10126       4       org.jetbrains.kotlin.descriptors.impl.FunctionDescriptorImpl::doSubstitute (848 bytes)

VM state: synchronizing (normal execution)

VM Mutex/Monitor currently owned by a thread:  ([mutex/lock_event])
[0x00000257c68041d0] Threads_lock - owner thread: 0x00000257e6082100
[0x00000257c6804260] Heap_lock - owner thread: 0x00000257c6877ca0

Heap address: 0x0000000081200000, size: 2030 MB, Compressed Oops mode: 32-bit

CDS archive(s) mapped at: [0x0000000800000000-0x0000000800ba0000-0x0000000800ba0000), size 12189696, SharedBaseAddress: 0x0000000800000000, ArchiveRelocationMode: 0.
Compressed class space mapped at: 0x0000000800c00000-0x0000000840c00000, reserved size: 1073741824
Narrow klass base: 0x0000000800000000, Narrow klass shift: 0, Narrow klass range: 0x100000000

GC Precious Log:
 CardTable entry size: 512
 Card Set container configuration: InlinePtr #cards 5 size 8 Array Of Cards #cards 12 size 40 Howl #buckets 4 coarsen threshold 1843 Howl Bitmap #cards 512 size 80 coarsen threshold 460 Card regions per heap region 1 cards per card region 2048
 CPUs: 4 total, 4 available
 Memory: 8119M
 Large Page Support: Disabled
 NUMA Support: Disabled
 Compressed Oops: Enabled (32-bit)
 Heap Region Size: 1M
 Heap Min Capacity: 8M
 Heap Initial Capacity: 128M
 Heap Max Capacity: 2030M
 Pre-touch: Disabled
 Parallel Workers: 4
 Concurrent Workers: 1
 Concurrent Refinement Workers: 4
 Periodic GC: Disabled

Heap:
 garbage-first heap   total 104448K, used 62224K [0x0000000081200000, 0x0000000100000000)
  region size 1024K, 5 young (5120K), 4 survivors (4096K)
 Metaspace       used 56489K, committed 57280K, reserved 1114112K
  class space    used 6554K, committed 6976K, reserved 1048576K

Heap Regions: E=young(eden), S=young(survivor), O=old, HS=humongous(starts), HC=humongous(continues), CS=collection set, F=free, OA=open archive, CA=closed archive, TAMS=top-at-mark-start (previous, next)
|   0|0x0000000081200000, 0x0000000081300000, 0x0000000081300000|100%|HS|  |TAMS 0x0000000081300000, 0x0000000081300000| Complete 
|   1|0x0000000081300000, 0x0000000081400000, 0x0000000081400000|100%|HC|  |TAMS 0x0000000081400000, 0x0000000081400000| Complete 
|   2|0x0000000081400000, 0x0000000081500000, 0x0000000081500000|100%|HC|  |TAMS 0x0000000081500000, 0x0000000081500000| Complete 
|   3|0x0000000081500000, 0x0000000081600000, 0x0000000081600000|100%| O|  |TAMS 0x0000000081600000, 0x0000000081600000| Untracked 
|   4|0x0000000081600000, 0x0000000081700000, 0x0000000081700000|100%| O|  |TAMS 0x0000000081700000, 0x0000000081700000| Untracked 
|   5|0x0000000081700000, 0x0000000081800000, 0x0000000081800000|100%| O|  |TAMS 0x0000000081800000, 0x0000000081800000| Untracked 
|   6|0x0000000081800000, 0x0000000081900000, 0x0000000081900000|100%|HS|  |TAMS 0x0000000081900000, 0x0000000081900000| Complete 
|   7|0x0000000081900000, 0x0000000081a00000, 0x0000000081a00000|100%|HC|  |TAMS 0x0000000081a00000, 0x0000000081a00000| Complete 
|   8|0x0000000081a00000, 0x0000000081b00000, 0x0000000081b00000|100%|HC|  |TAMS 0x0000000081b00000, 0x0000000081b00000| Complete 
|   9|0x0000000081b00000, 0x0000000081c00000, 0x0000000081c00000|100%|HS|  |TAMS 0x0000000081c00000, 0x0000000081c00000| Complete 
|  10|0x0000000081c00000, 0x0000000081d00000, 0x0000000081d00000|100%|HC|  |TAMS 0x0000000081d00000, 0x0000000081d00000| Complete 
|  11|0x0000000081d00000, 0x0000000081e00000, 0x0000000081e00000|100%|HC|  |TAMS 0x0000000081e00000, 0x0000000081e00000| Complete 
|  12|0x0000000081e00000, 0x0000000081f00000, 0x0000000081f00000|100%| O|  |TAMS 0x0000000081f00000, 0x0000000081f00000| Untracked 
|  13|0x0000000081f00000, 0x0000000082000000, 0x0000000082000000|100%| O|  |TAMS 0x0000000082000000, 0x0000000082000000| Untracked 
|  14|0x0000000082000000, 0x0000000082100000, 0x0000000082100000|100%| O|  |TAMS 0x0000000082100000, 0x0000000082100000| Untracked 
|  15|0x0000000082100000, 0x0000000082200000, 0x0000000082200000|100%| O|  |TAMS 0x0000000082200000, 0x0000000082200000| Untracked 
|  16|0x0000000082200000, 0x0000000082300000, 0x0000000082300000|100%| O|  |TAMS 0x0000000082300000, 0x0000000082300000| Untracked 
|  17|0x0000000082300000, 0x0000000082400000, 0x0000000082400000|100%| O|  |TAMS 0x0000000082400000, 0x0000000082400000| Untracked 
|  18|0x0000000082400000, 0x0000000082500000, 0x0000000082500000|100%| O|  |TAMS 0x0000000082500000, 0x0000000082500000| Untracked 
|  19|0x0000000082500000, 0x0000000082600000, 0x0000000082600000|100%| O|  |TAMS 0x0000000082600000, 0x0000000082600000| Untracked 
|  20|0x0000000082600000, 0x0000000082700000, 0x0000000082700000|100%| O|  |TAMS 0x0000000082700000, 0x0000000082700000| Untracked 
|  21|0x0000000082700000, 0x0000000082800000, 0x0000000082800000|100%| O|  |TAMS 0x0000000082800000, 0x0000000082800000| Untracked 
|  22|0x0000000082800000, 0x00000000828da800, 0x0000000082900000| 85%| O|  |TAMS 0x00000000828da800, 0x00000000828da800| Untracked 
|  23|0x0000000082900000, 0x0000000082a00000, 0x0000000082a00000|100%|HS|  |TAMS 0x0000000082a00000, 0x0000000082a00000| Complete 
|  24|0x0000000082a00000, 0x0000000082b00000, 0x0000000082b00000|100%|HC|  |TAMS 0x0000000082b00000, 0x0000000082b00000| Complete 
|  25|0x0000000082b00000, 0x0000000082c00000, 0x0000000082c00000|100%| O|  |TAMS 0x0000000082c00000, 0x0000000082c00000| Untracked 
|  26|0x0000000082c00000, 0x0000000082d00000, 0x0000000082d00000|100%| O|  |TAMS 0x0000000082d00000, 0x0000000082d00000| Untracked 
|  27|0x0000000082d00000, 0x0000000082e00000, 0x0000000082e00000|100%| O|  |TAMS 0x0000000082e00000, 0x0000000082e00000| Untracked 
|  28|0x0000000082e00000, 0x0000000082f00000, 0x0000000082f00000|100%| O|  |TAMS 0x0000000082f00000, 0x0000000082f00000| Untracked 
|  29|0x0000000082f00000, 0x0000000083000000, 0x0000000083000000|100%| O|  |TAMS 0x0000000083000000, 0x0000000083000000| Untracked 
|  30|0x0000000083000000, 0x0000000083100000, 0x0000000083100000|100%| O|  |TAMS 0x0000000083100000, 0x0000000083100000| Untracked 
|  31|0x0000000083100000, 0x0000000083200000, 0x0000000083200000|100%| O|  |TAMS 0x0000000083200000, 0x0000000083200000| Untracked 
|  32|0x0000000083200000, 0x0000000083300000, 0x0000000083300000|100%| O|  |TAMS 0x0000000083300000, 0x0000000083300000| Untracked 
|  33|0x0000000083300000, 0x0000000083400000, 0x0000000083400000|100%| O|  |TAMS 0x0000000083400000, 0x0000000083400000| Untracked 
|  34|0x0000000083400000, 0x0000000083500000, 0x0000000083500000|100%| O|  |TAMS 0x0000000083500000, 0x0000000083500000| Untracked 
|  35|0x0000000083500000, 0x0000000083600000, 0x0000000083600000|100%| O|  |TAMS 0x0000000083600000, 0x0000000083600000| Untracked 
|  36|0x0000000083600000, 0x0000000083700000, 0x0000000083700000|100%| O|  |TAMS 0x0000000083700000, 0x0000000083700000| Untracked 
|  37|0x0000000083700000, 0x0000000083800000, 0x0000000083800000|100%| O|  |TAMS 0x0000000083800000, 0x0000000083800000| Untracked 
|  38|0x0000000083800000, 0x0000000083900000, 0x0000000083900000|100%| O|  |TAMS 0x0000000083900000, 0x0000000083900000| Untracked 
|  39|0x0000000083900000, 0x0000000083a00000, 0x0000000083a00000|100%| O|  |TAMS 0x0000000083a00000, 0x0000000083a00000| Untracked 
|  40|0x0000000083a00000, 0x0000000083b00000, 0x0000000083b00000|100%| O|  |TAMS 0x0000000083b00000, 0x0000000083b00000| Untracked 
|  41|0x0000000083b00000, 0x0000000083c00000, 0x0000000083c00000|100%| O|  |TAMS 0x0000000083c00000, 0x0000000083c00000| Untracked 
|  42|0x0000000083c00000, 0x0000000083d00000, 0x0000000083d00000|100%| O|  |TAMS 0x0000000083d00000, 0x0000000083d00000| Untracked 
|  43|0x0000000083d00000, 0x0000000083e00000, 0x0000000083e00000|100%| O|  |TAMS 0x0000000083e00000, 0x0000000083e00000| Untracked 
|  44|0x0000000083e00000, 0x0000000083f00000, 0x0000000083f00000|100%| O|  |TAMS 0x0000000083f00000, 0x0000000083f00000| Untracked 
|  45|0x0000000083f00000, 0x0000000084000000, 0x0000000084000000|100%| O|  |TAMS 0x0000000083f76600, 0x0000000084000000| Untracked 
|  46|0x0000000084000000, 0x0000000084100000, 0x0000000084100000|100%| O|  |TAMS 0x0000000084000000, 0x0000000084100000| Untracked 
|  47|0x0000000084100000, 0x0000000084200000, 0x0000000084200000|100%| O|  |TAMS 0x0000000084100000, 0x0000000084200000| Untracked 
|  48|0x0000000084200000, 0x0000000084300000, 0x0000000084300000|100%| O|  |TAMS 0x0000000084200000, 0x0000000084300000| Untracked 
|  49|0x0000000084300000, 0x0000000084400000, 0x0000000084400000|100%| O|  |TAMS 0x0000000084300000, 0x0000000084400000| Untracked 
|  50|0x0000000084400000, 0x0000000084500000, 0x0000000084500000|100%| O|  |TAMS 0x0000000084400000, 0x0000000084500000| Untracked 
|  51|0x0000000084500000, 0x0000000084600000, 0x0000000084600000|100%| O|  |TAMS 0x0000000084500000, 0x0000000084600000| Untracked 
|  52|0x0000000084600000, 0x0000000084700000, 0x0000000084700000|100%| O|  |TAMS 0x0000000084600000, 0x0000000084700000| Untracked 
|  53|0x0000000084700000, 0x0000000084800000, 0x0000000084800000|100%| O|  |TAMS 0x0000000084700000, 0x0000000084800000| Untracked 
|  54|0x0000000084800000, 0x0000000084800000, 0x0000000084900000|  0%| F|  |TAMS 0x0000000084800000, 0x0000000084800000| Untracked 
|  55|0x0000000084900000, 0x0000000084900000, 0x0000000084a00000|  0%| F|  |TAMS 0x0000000084900000, 0x0000000084900000| Untracked 
|  56|0x0000000084a00000, 0x0000000084a00000, 0x0000000084b00000|  0%| F|  |TAMS 0x0000000084a00000, 0x0000000084a00000| Untracked 
|  57|0x0000000084b00000, 0x0000000084b00000, 0x0000000084c00000|  0%| F|  |TAMS 0x0000000084b00000, 0x0000000084b00000| Untracked 
|  58|0x0000000084c00000, 0x0000000084c00000, 0x0000000084d00000|  0%| F|  |TAMS 0x0000000084c00000, 0x0000000084c00000| Untracked 
|  59|0x0000000084d00000, 0x0000000084d00000, 0x0000000084e00000|  0%| F|  |TAMS 0x0000000084d00000, 0x0000000084d00000| Untracked 
|  60|0x0000000084e00000, 0x0000000084e00000, 0x0000000084f00000|  0%| F|  |TAMS 0x0000000084e00000, 0x0000000084e00000| Untracked 
|  61|0x0000000084f00000, 0x0000000084f00000, 0x0000000085000000|  0%| F|  |TAMS 0x0000000084f00000, 0x0000000084f00000| Untracked 
|  62|0x0000000085000000, 0x0000000085000000, 0x0000000085100000|  0%| F|  |TAMS 0x0000000085000000, 0x0000000085000000| Untracked 
|  63|0x0000000085100000, 0x0000000085100000, 0x0000000085200000|  0%| F|  |TAMS 0x0000000085100000, 0x0000000085100000| Untracked 
|  64|0x0000000085200000, 0x0000000085200000, 0x0000000085300000|  0%| F|  |TAMS 0x0000000085200000, 0x0000000085200000| Untracked 
|  65|0x0000000085300000, 0x0000000085300000, 0x0000000085400000|  0%| F|  |TAMS 0x0000000085300000, 0x0000000085300000| Untracked 
|  66|0x0000000085400000, 0x0000000085400000, 0x0000000085500000|  0%| F|  |TAMS 0x0000000085400000, 0x0000000085400000| Untracked 
|  67|0x0000000085500000, 0x0000000085500000, 0x0000000085600000|  0%| F|  |TAMS 0x0000000085500000, 0x0000000085500000| Untracked 
|  68|0x0000000085600000, 0x0000000085600000, 0x0000000085700000|  0%| F|  |TAMS 0x0000000085600000, 0x0000000085600000| Untracked 
|  69|0x0000000085700000, 0x0000000085700000, 0x0000000085800000|  0%| F|  |TAMS 0x0000000085700000, 0x0000000085700000| Untracked 
|  70|0x0000000085800000, 0x00000000858e99c0, 0x0000000085900000| 91%| S|CS|TAMS 0x0000000085800000, 0x0000000085800000| Complete 
|  71|0x0000000085900000, 0x0000000085a00000, 0x0000000085a00000|100%| S|CS|TAMS 0x0000000085900000, 0x0000000085900000| Complete 
|  72|0x0000000085a00000, 0x0000000085b00000, 0x0000000085b00000|100%| S|CS|TAMS 0x0000000085a00000, 0x0000000085a00000| Complete 
|  73|0x0000000085b00000, 0x0000000085c00000, 0x0000000085c00000|100%| S|CS|TAMS 0x0000000085b00000, 0x0000000085b00000| Complete 
|  74|0x0000000085c00000, 0x0000000085c00000, 0x0000000085d00000|  0%| F|  |TAMS 0x0000000085c00000, 0x0000000085c00000| Untracked 
|  75|0x0000000085d00000, 0x0000000085d00000, 0x0000000085e00000|  0%| F|  |TAMS 0x0000000085d00000, 0x0000000085d00000| Untracked 
|  76|0x0000000085e00000, 0x0000000085e00000, 0x0000000085f00000|  0%| F|  |TAMS 0x0000000085e00000, 0x0000000085e00000| Untracked 
|  77|0x0000000085f00000, 0x0000000085f00000, 0x0000000086000000|  0%| F|  |TAMS 0x0000000085f00000, 0x0000000085f00000| Untracked 
|  78|0x0000000086000000, 0x0000000086000000, 0x0000000086100000|  0%| F|  |TAMS 0x0000000086000000, 0x0000000086000000| Untracked 
|  79|0x0000000086100000, 0x0000000086100000, 0x0000000086200000|  0%| F|  |TAMS 0x0000000086100000, 0x0000000086100000| Untracked 
|  80|0x0000000086200000, 0x0000000086200000, 0x0000000086300000|  0%| F|  |TAMS 0x0000000086200000, 0x0000000086200000| Untracked 
|  81|0x0000000086300000, 0x0000000086300000, 0x0000000086400000|  0%| F|  |TAMS 0x0000000086300000, 0x0000000086300000| Untracked 
|  82|0x0000000086400000, 0x0000000086400000, 0x0000000086500000|  0%| F|  |TAMS 0x0000000086400000, 0x0000000086400000| Untracked 
|  83|0x0000000086500000, 0x0000000086500000, 0x0000000086600000|  0%| F|  |TAMS 0x0000000086500000, 0x0000000086500000| Untracked 
|  84|0x0000000086600000, 0x0000000086600000, 0x0000000086700000|  0%| F|  |TAMS 0x0000000086600000, 0x0000000086600000| Untracked 
|  85|0x0000000086700000, 0x0000000086700000, 0x0000000086800000|  0%| F|  |TAMS 0x0000000086700000, 0x0000000086700000| Untracked 
|  86|0x0000000086800000, 0x0000000086800000, 0x0000000086900000|  0%| F|  |TAMS 0x0000000086800000, 0x0000000086800000| Untracked 
|  87|0x0000000086900000, 0x0000000086900000, 0x0000000086a00000|  0%| F|  |TAMS 0x0000000086900000, 0x0000000086900000| Untracked 
|  88|0x0000000086a00000, 0x0000000086a00000, 0x0000000086b00000|  0%| F|  |TAMS 0x0000000086a00000, 0x0000000086a00000| Untracked 
|  89|0x0000000086b00000, 0x0000000086b00000, 0x0000000086c00000|  0%| F|  |TAMS 0x0000000086b00000, 0x0000000086b00000| Untracked 
|  90|0x0000000086c00000, 0x0000000086c00000, 0x0000000086d00000|  0%| F|  |TAMS 0x0000000086c00000, 0x0000000086c00000| Untracked 
|  91|0x0000000086d00000, 0x0000000086d00000, 0x0000000086e00000|  0%| F|  |TAMS 0x0000000086d00000, 0x0000000086d00000| Untracked 
|  92|0x0000000086e00000, 0x0000000086e00000, 0x0000000086f00000|  0%| F|  |TAMS 0x0000000086e00000, 0x0000000086e00000| Untracked 
|  93|0x0000000086f00000, 0x0000000086f00000, 0x0000000087000000|  0%| F|  |TAMS 0x0000000086f00000, 0x0000000086f00000| Untracked 
|  94|0x0000000087000000, 0x0000000087000000, 0x0000000087100000|  0%| F|  |TAMS 0x0000000087000000, 0x0000000087000000| Untracked 
|  95|0x0000000087100000, 0x0000000087100000, 0x0000000087200000|  0%| F|  |TAMS 0x0000000087100000, 0x0000000087100000| Untracked 
|  96|0x0000000087200000, 0x0000000087200000, 0x0000000087300000|  0%| F|  |TAMS 0x0000000087200000, 0x0000000087200000| Untracked 
|  97|0x0000000087300000, 0x0000000087300000, 0x0000000087400000|  0%| F|  |TAMS 0x0000000087300000, 0x0000000087300000| Untracked 
| 127|0x0000000089100000, 0x00000000891d5688, 0x0000000089200000| 83%| E|  |TAMS 0x0000000089100000, 0x0000000089100000| Complete 
|2027|0x00000000ffd00000, 0x00000000ffe00000, 0x00000000ffe00000|100%| O|  |TAMS 0x00000000ffe00000, 0x00000000ffe00000| Untracked 
|2028|0x00000000ffe00000, 0x00000000fff00000, 0x00000000fff00000|100%| O|  |TAMS 0x00000000fff00000, 0x00000000fff00000| Untracked 
|2029|0x00000000fff00000, 0x0000000100000000, 0x0000000100000000|100%| O|  |TAMS 0x0000000100000000, 0x0000000100000000| Untracked 

Card table byte_map: [0x00000257df340000,0x00000257df740000] _byte_map_base: 0x00000257def37000

Marking Bits (Prev, Next): (CMBitMap*) 0x00000257c68675f0, (CMBitMap*) 0x00000257c68675b0
 Prev Bits: [0x00000257e1b00000, 0x00000257e3ab8000)
 Next Bits: [0x00000257dfb40000, 0x00000257e1af8000)

Polling page: 0x00000257c6690000

Metaspace:

Usage:
  Non-class:     48.76 MB used.
      Class:      6.40 MB used.
       Both:     55.17 MB used.

Virtual space:
  Non-class space:       64.00 MB reserved,      49.12 MB ( 77%) committed,  1 nodes.
      Class space:        1.00 GB reserved,       6.81 MB ( <1%) committed,  1 nodes.
             Both:        1.06 GB reserved,      55.94 MB (  5%) committed. 

Chunk freelists:
   Non-Class:  2.89 MB
       Class:  1.23 MB
        Both:  4.12 MB

MaxMetaspaceSize: unlimited
CompressedClassSpaceSize: 1.00 GB
Initial GC threshold: 21.00 MB
Current GC threshold: 87.94 MB
CDS: on
MetaspaceReclaimPolicy: balanced
 - commit_granule_bytes: 65536.
 - commit_granule_words: 8192.
 - virtual_space_node_default_size: 8388608.
 - enlarge_chunks_in_place: 1.
 - new_chunks_are_fully_committed: 0.
 - uncommit_free_chunks: 1.
 - use_allocation_guard: 0.


Internal statistics:

num_allocs_failed_limit: 6.
num_arena_births: 1190.
num_arena_deaths: 0.
num_vsnodes_births: 2.
num_vsnodes_deaths: 0.
num_space_committed: 893.
num_space_uncommitted: 0.
num_chunks_returned_to_freelist: 6.
num_chunks_taken_from_freelist: 3376.
num_chunk_merges: 3.
num_chunk_splits: 2504.
num_chunks_enlarged: 1912.
num_inconsistent_stats: 0.

CodeHeap 'non-profiled nmethods': size=120000Kb used=4500Kb max_used=4790Kb free=115499Kb
 bounds [0x00000257d73f0000, 0x00000257d78a0000, 0x00000257de920000]
CodeHeap 'profiled nmethods': size=120000Kb used=23508Kb max_used=23675Kb free=96491Kb
 bounds [0x00000257cfec0000, 0x00000257d1610000, 0x00000257d73f0000]
CodeHeap 'non-nmethods': size=5760Kb used=1318Kb max_used=1373Kb free=4441Kb
 bounds [0x00000257cf920000, 0x00000257cfb90000, 0x00000257cfec0000]
 total_blobs=9281 nmethods=8665 adapters=526
 compilation: enabled
              stopped_count=0, restarted_count=0
 full_count=0

Compilation events (20 events):
Event: 9.905 Thread 0x00000257e60b1cc0 10317       3       org.jetbrains.kotlin.descriptors.impl.TypeParameterDescriptorImpl::createForFurtherModification (77 bytes)
Event: 9.905 Thread 0x00000257e60b1cc0 nmethod 10317 0x00000257d0935010 code [0x00000257d0935200, 0x00000257d0935628]
Event: 9.906 Thread 0x00000257e60b1cc0 10318       3       org.jetbrains.kotlin.resolve.jvm.checkers.JvmModuleAccessibilityChecker::findVirtualFile$getContainingVirtualFile (115 bytes)
Event: 9.906 Thread 0x00000257e60b1cc0 nmethod 10318 0x00000257d0a55310 code [0x00000257d0a55540, 0x00000257d0a55c48]
Event: 9.908 Thread 0x00000257e60b1cc0 10319       3       java.lang.AbstractStringBuilder::append (45 bytes)
Event: 9.908 Thread 0x00000257e60b1cc0 nmethod 10319 0x00000257d0f6c910 code [0x00000257d0f6cb20, 0x00000257d0f6d058]
Event: 9.911 Thread 0x00000257e60b1cc0 10320       3       java.lang.StringBuilder::toString (35 bytes)
Event: 9.911 Thread 0x00000257e60b1cc0 nmethod 10320 0x00000257d05bdf90 code [0x00000257d05be160, 0x00000257d05be438]
Event: 9.912 Thread 0x00000257e60b1cc0 10321       3       org.jetbrains.kotlin.types.checker.SimpleClassicTypeSystemContext::isStarProjection (6 bytes)
Event: 9.913 Thread 0x00000257e60b1cc0 nmethod 10321 0x00000257d0d53c10 code [0x00000257d0d53da0, 0x00000257d0d53ec8]
Event: 9.915 Thread 0x00000257e60b1cc0 10322       1       org.jetbrains.kotlin.resolve.calls.results.FlatSignature::getHasExtensionReceiver (5 bytes)
Event: 9.915 Thread 0x00000257e60b1cc0 nmethod 10322 0x00000257d7831690 code [0x00000257d7831820, 0x00000257d78318f8]
Event: 9.915 Thread 0x00000257e60b1cc0 10323       3       org.jetbrains.kotlin.resolve.calls.results.OverloadingConflictResolver::candidateDescriptor (23 bytes)
Event: 9.915 Thread 0x00000257e60b1cc0 nmethod 10323 0x00000257d0aa9d10 code [0x00000257d0aa9ee0, 0x00000257d0aaa348]
Event: 9.916 Thread 0x00000257e60b1cc0 10325       2       org.jetbrains.kotlin.types.WrappedType::unwrap (28 bytes)
Event: 9.916 Thread 0x00000257e60b1cc0 nmethod 10325 0x00000257d0665310 code [0x00000257d06654c0, 0x00000257d0665738]
Event: 9.917 Thread 0x00000257e60b1cc0 10326       3       org.jetbrains.kotlin.resolve.scopes.receivers.ExpressionReceiver$Companion$ExpressionReceiverImpl::<init> (24 bytes)
Event: 9.917 Thread 0x00000257e60b1cc0 nmethod 10326 0x00000257d08e1090 code [0x00000257d08e1340, 0x00000257d08e2068]
Event: 9.920 Thread 0x00000257e60a09e0 nmethod 10294% 0x00000257d77aa810 code [0x00000257d77aaae0, 0x00000257d77ad390]
Event: 9.920 Thread 0x00000257e60a09e0 10324       4       org.jetbrains.kotlin.descriptors.impl.FunctionDescriptorImpl::getSubstitutedValueParameters (270 bytes)

GC Heap History (20 events):
Event: 2.818 GC heap before
{Heap before GC invocations=6 (full 0):
 garbage-first heap   total 71680K, used 51137K [0x0000000081200000, 0x0000000100000000)
  region size 1024K, 28 young (28672K), 1 survivors (1024K)
 Metaspace       used 31749K, committed 32128K, reserved 1114112K
  class space    used 3944K, committed 4096K, reserved 1048576K
}
Event: 2.822 GC heap after
{Heap after GC invocations=7 (full 0):
 garbage-first heap   total 71680K, used 26502K [0x0000000081200000, 0x0000000100000000)
  region size 1024K, 3 young (3072K), 3 survivors (3072K)
 Metaspace       used 31749K, committed 32128K, reserved 1114112K
  class space    used 3944K, committed 4096K, reserved 1048576K
}
Event: 3.179 GC heap before
{Heap before GC invocations=7 (full 0):
 garbage-first heap   total 71680K, used 45958K [0x0000000081200000, 0x0000000100000000)
  region size 1024K, 24 young (24576K), 3 survivors (3072K)
 Metaspace       used 35322K, committed 35968K, reserved 1114112K
  class space    used 4366K, committed 4736K, reserved 1048576K
}
Event: 3.185 GC heap after
{Heap after GC invocations=8 (full 0):
 garbage-first heap   total 118784K, used 28779K [0x0000000081200000, 0x0000000100000000)
  region size 1024K, 3 young (3072K), 3 survivors (3072K)
 Metaspace       used 35322K, committed 35968K, reserved 1114112K
  class space    used 4366K, committed 4736K, reserved 1048576K
}
Event: 4.264 GC heap before
{Heap before GC invocations=9 (full 0):
 garbage-first heap   total 102400K, used 90219K [0x0000000081200000, 0x0000000100000000)
  region size 1024K, 60 young (61440K), 3 survivors (3072K)
 Metaspace       used 43178K, committed 43840K, reserved 1114112K
  class space    used 5177K, committed 5504K, reserved 1048576K
}
Event: 4.278 GC heap after
{Heap after GC invocations=10 (full 0):
 garbage-first heap   total 102400K, used 37983K [0x0000000081200000, 0x0000000100000000)
  region size 1024K, 8 young (8192K), 8 survivors (8192K)
 Metaspace       used 43178K, committed 43840K, reserved 1114112K
  class space    used 5177K, committed 5504K, reserved 1048576K
}
Event: 4.279 GC heap before
{Heap before GC invocations=10 (full 0):
 garbage-first heap   total 102400K, used 39007K [0x0000000081200000, 0x0000000100000000)
  region size 1024K, 9 young (9216K), 8 survivors (8192K)
 Metaspace       used 43178K, committed 43840K, reserved 1114112K
  class space    used 5177K, committed 5504K, reserved 1048576K
}
Event: 4.290 GC heap after
{Heap after GC invocations=11 (full 0):
 garbage-first heap   total 102400K, used 38762K [0x0000000081200000, 0x0000000100000000)
  region size 1024K, 1 young (1024K), 1 survivors (1024K)
 Metaspace       used 43178K, committed 43840K, reserved 1114112K
  class space    used 5177K, committed 5504K, reserved 1048576K
}
Event: 5.121 GC heap before
{Heap before GC invocations=11 (full 0):
 garbage-first heap   total 102400K, used 76650K [0x0000000081200000, 0x0000000100000000)
  region size 1024K, 39 young (39936K), 1 survivors (1024K)
 Metaspace       used 48499K, committed 49216K, reserved 1114112K
  class space    used 5915K, committed 6272K, reserved 1048576K
}
Event: 5.129 GC heap after
{Heap after GC invocations=12 (full 0):
 garbage-first heap   total 102400K, used 42207K [0x0000000081200000, 0x0000000100000000)
  region size 1024K, 5 young (5120K), 5 survivors (5120K)
 Metaspace       used 48499K, committed 49216K, reserved 1114112K
  class space    used 5915K, committed 6272K, reserved 1048576K
}
Event: 6.970 GC heap before
{Heap before GC invocations=12 (full 0):
 garbage-first heap   total 102400K, used 78047K [0x0000000081200000, 0x0000000100000000)
  region size 1024K, 40 young (40960K), 5 survivors (5120K)
 Metaspace       used 52127K, committed 52864K, reserved 1114112K
  class space    used 6248K, committed 6656K, reserved 1048576K
}
Event: 6.986 GC heap after
{Heap after GC invocations=13 (full 0):
 garbage-first heap   total 102400K, used 48797K [0x0000000081200000, 0x0000000100000000)
  region size 1024K, 5 young (5120K), 5 survivors (5120K)
 Metaspace       used 52127K, committed 52864K, reserved 1114112K
  class space    used 6248K, committed 6656K, reserved 1048576K
}
Event: 7.391 GC heap before
{Heap before GC invocations=13 (full 0):
 garbage-first heap   total 102400K, used 78493K [0x0000000081200000, 0x0000000100000000)
  region size 1024K, 34 young (34816K), 5 survivors (5120K)
 Metaspace       used 52414K, committed 53120K, reserved 1114112K
  class space    used 6250K, committed 6656K, reserved 1048576K
}
Event: 7.407 GC heap after
{Heap after GC invocations=14 (full 0):
 garbage-first heap   total 102400K, used 54595K [0x0000000081200000, 0x0000000100000000)
  region size 1024K, 5 young (5120K), 5 survivors (5120K)
 Metaspace       used 52414K, committed 53120K, reserved 1114112K
  class space    used 6250K, committed 6656K, reserved 1048576K
}
Event: 7.840 GC heap before
{Heap before GC invocations=14 (full 0):
 garbage-first heap   total 102400K, used 80195K [0x0000000081200000, 0x0000000100000000)
  region size 1024K, 30 young (30720K), 5 survivors (5120K)
 Metaspace       used 53138K, committed 53888K, reserved 1114112K
  class space    used 6319K, committed 6720K, reserved 1048576K
}
Event: 7.852 GC heap after
{Heap after GC invocations=15 (full 0):
 garbage-first heap   total 102400K, used 58720K [0x0000000081200000, 0x0000000100000000)
  region size 1024K, 4 young (4096K), 4 survivors (4096K)
 Metaspace       used 53138K, committed 53888K, reserved 1114112K
  class space    used 6319K, committed 6720K, reserved 1048576K
}
Event: 8.817 GC heap before
{Heap before GC invocations=16 (full 0):
 garbage-first heap   total 104448K, used 81248K [0x0000000081200000, 0x0000000100000000)
  region size 1024K, 26 young (26624K), 4 survivors (4096K)
 Metaspace       used 54319K, committed 55040K, reserved 1114112K
  class space    used 6397K, committed 6784K, reserved 1048576K
}
Event: 8.824 GC heap after
{Heap after GC invocations=17 (full 0):
 garbage-first heap   total 104448K, used 60607K [0x0000000081200000, 0x0000000100000000)
  region size 1024K, 3 young (3072K), 3 survivors (3072K)
 Metaspace       used 54319K, committed 55040K, reserved 1114112K
  class space    used 6397K, committed 6784K, reserved 1048576K
}
Event: 9.882 GC heap before
{Heap before GC invocations=17 (full 0):
 garbage-first heap   total 104448K, used 83135K [0x0000000081200000, 0x0000000100000000)
  region size 1024K, 25 young (25600K), 3 survivors (3072K)
 Metaspace       used 56484K, committed 57280K, reserved 1114112K
  class space    used 6554K, committed 6976K, reserved 1048576K
}
Event: 9.889 GC heap after
{Heap after GC invocations=18 (full 0):
 garbage-first heap   total 104448K, used 62224K [0x0000000081200000, 0x0000000100000000)
  region size 1024K, 4 young (4096K), 4 survivors (4096K)
 Metaspace       used 56484K, committed 57280K, reserved 1114112K
  class space    used 6554K, committed 6976K, reserved 1048576K
}

Deoptimization events (20 events):
Event: 9.905 Thread 0x00000257c6806e20 Uncommon trap: trap_request=0xffffff45 fr.pc=0x00000257d742b8ec relative=0x00000000000003cc
Event: 9.905 Thread 0x00000257c6806e20 Uncommon trap: reason=unstable_if action=reinterpret pc=0x00000257d742b8ec method=java.lang.AbstractStringBuilder.isLatin1()Z @ 10 c2
Event: 9.905 Thread 0x00000257c6806e20 DEOPT PACKING pc=0x00000257d742b8ec sp=0x0000008cf55fd4a0
Event: 9.905 Thread 0x00000257c6806e20 DEOPT UNPACKING pc=0x00000257cf9723a3 sp=0x0000008cf55fd420 mode 2
Event: 9.909 Thread 0x00000257c6806e20 Uncommon trap: trap_request=0xffffffde fr.pc=0x00000257d785ef50 relative=0x0000000000001690
Event: 9.909 Thread 0x00000257c6806e20 Uncommon trap: reason=class_check action=maybe_recompile pc=0x00000257d785ef50 method=org.jetbrains.kotlin.types.LazyWrappedType.getDelegate()Lorg/jetbrains/kotlin/types/KotlinType; @ 9 c2
Event: 9.909 Thread 0x00000257c6806e20 DEOPT PACKING pc=0x00000257d785ef50 sp=0x0000008cf55f7080
Event: 9.909 Thread 0x00000257c6806e20 DEOPT UNPACKING pc=0x00000257cf9723a3 sp=0x0000008cf55f6fe0 mode 2
Event: 9.909 Thread 0x00000257c6806e20 Uncommon trap: trap_request=0xffffffde fr.pc=0x00000257d785ef50 relative=0x0000000000001690
Event: 9.909 Thread 0x00000257c6806e20 Uncommon trap: reason=class_check action=maybe_recompile pc=0x00000257d785ef50 method=org.jetbrains.kotlin.types.LazyWrappedType.getDelegate()Lorg/jetbrains/kotlin/types/KotlinType; @ 9 c2
Event: 9.909 Thread 0x00000257c6806e20 DEOPT PACKING pc=0x00000257d785ef50 sp=0x0000008cf55f7080
Event: 9.909 Thread 0x00000257c6806e20 DEOPT UNPACKING pc=0x00000257cf9723a3 sp=0x0000008cf55f6fe0 mode 2
Event: 9.910 Thread 0x00000257c6806e20 Uncommon trap: trap_request=0xffffffde fr.pc=0x00000257d785ef50 relative=0x0000000000001690
Event: 9.910 Thread 0x00000257c6806e20 Uncommon trap: reason=class_check action=maybe_recompile pc=0x00000257d785ef50 method=org.jetbrains.kotlin.types.LazyWrappedType.getDelegate()Lorg/jetbrains/kotlin/types/KotlinType; @ 9 c2
Event: 9.910 Thread 0x00000257c6806e20 DEOPT PACKING pc=0x00000257d785ef50 sp=0x0000008cf55f7080
Event: 9.910 Thread 0x00000257c6806e20 DEOPT UNPACKING pc=0x00000257cf9723a3 sp=0x0000008cf55f6fe0 mode 2
Event: 9.910 Thread 0x00000257c6806e20 Uncommon trap: trap_request=0xffffffde fr.pc=0x00000257d785ef50 relative=0x0000000000001690
Event: 9.910 Thread 0x00000257c6806e20 Uncommon trap: reason=class_check action=maybe_recompile pc=0x00000257d785ef50 method=org.jetbrains.kotlin.types.LazyWrappedType.getDelegate()Lorg/jetbrains/kotlin/types/KotlinType; @ 9 c2
Event: 9.910 Thread 0x00000257c6806e20 DEOPT PACKING pc=0x00000257d785ef50 sp=0x0000008cf55f7080
Event: 9.910 Thread 0x00000257c6806e20 DEOPT UNPACKING pc=0x00000257cf9723a3 sp=0x0000008cf55f6fe0 mode 2

Classes loaded (20 events):
Event: 5.310 Loading class java/util/stream/Node$OfDouble done
Event: 5.310 Loading class java/util/stream/Nodes$EmptyNode$OfDouble done
Event: 5.311 Loading class java/util/stream/Nodes$SpinedNodeBuilder
Event: 5.311 Loading class java/util/stream/Node$Builder
Event: 5.311 Loading class java/util/stream/Node$Builder done
Event: 5.311 Loading class java/util/stream/SpinedBuffer
Event: 5.311 Loading class java/util/stream/AbstractSpinedBuffer
Event: 5.311 Loading class java/util/stream/AbstractSpinedBuffer done
Event: 5.311 Loading class java/util/stream/SpinedBuffer done
Event: 5.311 Loading class java/util/stream/Nodes$SpinedNodeBuilder done
Event: 5.311 Loading class java/util/stream/SortedOps$RefSortingSink
Event: 5.311 Loading class java/util/stream/SortedOps$AbstractRefSortingSink
Event: 5.311 Loading class java/util/stream/SortedOps$AbstractRefSortingSink done
Event: 5.311 Loading class java/util/stream/SortedOps$RefSortingSink done
Event: 7.168 Loading class java/util/concurrent/locks/AbstractQueuedSynchronizer$Node
Event: 7.169 Loading class java/util/concurrent/locks/AbstractQueuedSynchronizer$Node done
Event: 8.829 Loading class java/lang/Short$ShortCache
Event: 8.829 Loading class java/lang/Short$ShortCache done
Event: 9.544 Loading class jdk/internal/math/FloatingDecimal$ASCIIToBinaryBuffer
Event: 9.544 Loading class jdk/internal/math/FloatingDecimal$ASCIIToBinaryBuffer done

Classes unloaded (0 events):
No events

Classes redefined (0 events):
No events

Internal exceptions (20 events):
Event: 3.283 Thread 0x00000257c6806e20 Exception <a 'java/lang/NoSuchMethodError'{0x0000000086f938a8}: 'java.lang.Object java.lang.invoke.Invokers$Holder.linkToTargetMethod(java.lang.Object, java.lang.Object, int, java.lang.Object)'> (0x0000000086f938a8) 
thrown [s\open\src\hotspot\share\interpreter\linkResolver.cpp, line 759]
Event: 3.739 Thread 0x00000257c6806e20 Exception <a 'java/lang/NoSuchMethodError'{0x0000000085850f70}: 'java.lang.Object java.lang.invoke.Invokers$Holder.linkToTargetMethod(java.lang.Object, java.lang.Object, java.lang.Object, java.lang.Object, java.lang.Object, java.lang.Object, java.lang.Object, java.lang.Object)'> (0x0000000085850f70) 
thrown [s\open\src\hotspot\share\interpreter\linkResolver.cpp, line 759]
Event: 3.866 Thread 0x00000257c6806e20 Implicit null exception at 0x00000257d75da843 to 0x00000257d75dba54
Event: 3.866 Thread 0x00000257c6806e20 Implicit null exception at 0x00000257d75c08bb to 0x00000257d75c1070
Event: 4.493 Thread 0x00000257c6806e20 Implicit null exception at 0x00000257d75a1744 to 0x00000257d75a1f90
Event: 4.837 Thread 0x00000257c6806e20 Exception <a 'java/lang/NoSuchMethodError'{0x0000000085c14dd0}: 'void java.lang.invoke.DirectMethodHandle$Holder.invokeSpecial(java.lang.Object, java.lang.Object, int, java.lang.Object)'> (0x0000000085c14dd0) 
thrown [s\open\src\hotspot\share\interpreter\linkResolver.cpp, line 759]
Event: 4.926 Thread 0x00000257c6806e20 Exception <a 'java/lang/NoSuchMethodError'{0x0000000085934278}: 'int java.lang.invoke.DirectMethodHandle$Holder.invokeVirtual(java.lang.Object, java.lang.Object, java.lang.Object)'> (0x0000000085934278) 
thrown [s\open\src\hotspot\share\interpreter\linkResolver.cpp, line 759]
Event: 4.933 Thread 0x00000257c6806e20 Exception <a 'java/lang/NoSuchMethodError'{0x0000000085971980}: 'java.lang.Object java.lang.invoke.DirectMethodHandle$Holder.newInvokeSpecial(java.lang.Object, java.lang.Object, java.lang.Object, java.lang.Object, int)'> (0x0000000085971980) 
thrown [s\open\src\hotspot\share\interpreter\linkResolver.cpp, line 759]
Event: 4.934 Thread 0x00000257c6806e20 Exception <a 'java/lang/NoSuchMethodError'{0x0000000085975f68}: 'java.lang.Object java.lang.invoke.DirectMethodHandle$Holder.invokeSpecial(java.lang.Object, java.lang.Object, java.lang.Object, java.lang.Object, java.lang.Object, int)'> (0x0000000085975f68) 
thrown [s\open\src\hotspot\share\interpreter\linkResolver.cpp, line 759]
Event: 4.934 Thread 0x00000257c6806e20 Exception <a 'java/lang/NoSuchMethodError'{0x0000000085979f00}: 'java.lang.Object java.lang.invoke.Invokers$Holder.linkToTargetMethod(java.lang.Object, java.lang.Object, java.lang.Object, int, java.lang.Object)'> (0x0000000085979f00) 
thrown [s\open\src\hotspot\share\interpreter\linkResolver.cpp, line 759]
Event: 5.245 Thread 0x00000257c6806e20 Exception <a 'java/lang/NoSuchMethodError'{0x00000000891d4ae8}: 'java.lang.Object java.lang.invoke.DirectMethodHandle$Holder.invokeStaticInit(java.lang.Object, java.lang.Object, java.lang.Object)'> (0x00000000891d4ae8) 
thrown [s\open\src\hotspot\share\interpreter\linkResolver.cpp, line 759]
Event: 5.306 Thread 0x00000257c6806e20 Exception <a 'java/lang/NoSuchMethodError'{0x00000000871c7b28}: 'int java.lang.invoke.DirectMethodHandle$Holder.invokeSpecialIFC(java.lang.Object, java.lang.Object, java.lang.Object, java.lang.Object, java.lang.Object)'> (0x00000000871c7b28) 
thrown [s\open\src\hotspot\share\interpreter\linkResolver.cpp, line 759]
Event: 5.313 Thread 0x00000257c6806e20 Exception <a 'java/lang/NoSuchMethodError'{0x00000000871e9cf8}: 'int java.lang.invoke.DirectMethodHandle$Holder.invokeStaticInit(java.lang.Object, int)'> (0x00000000871e9cf8) 
thrown [s\open\src\hotspot\share\interpreter\linkResolver.cpp, line 759]
Event: 5.314 Thread 0x00000257c6806e20 Exception <a 'java/lang/NoSuchMethodError'{0x00000000871eff50}: 'void java.lang.invoke.DirectMethodHandle$Holder.invokeInterface(java.lang.Object, java.lang.Object, java.lang.Object)'> (0x00000000871eff50) 
thrown [s\open\src\hotspot\share\interpreter\linkResolver.cpp, line 759]
Event: 5.329 Thread 0x00000257c6806e20 Implicit null exception at 0x00000257d768dc53 to 0x00000257d768de94
Event: 6.747 Thread 0x00000257c6806e20 Exception <a 'java/lang/NoSuchMethodError'{0x00000000857a08c0}: 'java.lang.Object java.lang.invoke.DirectMethodHandle$Holder.newInvokeSpecial(java.lang.Object, int, java.lang.Object)'> (0x00000000857a08c0) 
thrown [s\open\src\hotspot\share\interpreter\linkResolver.cpp, line 759]
Event: 7.655 Thread 0x00000257c6806e20 Exception <a 'java/lang/NoSuchMethodError'{0x00000000864ef3e0}: 'java.lang.Object java.lang.invoke.DirectMethodHandle$Holder.invokeInterface(java.lang.Object, java.lang.Object, java.lang.Object)'> (0x00000000864ef3e0) 
thrown [s\open\src\hotspot\share\interpreter\linkResolver.cpp, line 759]
Event: 7.655 Thread 0x00000257c6806e20 Exception <a 'java/lang/IncompatibleClassChangeError'{0x00000000864f2d48}: Found class java.lang.Object, but interface was expected> (0x00000000864f2d48) 
thrown [s\open\src\hotspot\share\interpreter\linkResolver.cpp, line 826]
Event: 7.894 Thread 0x00000257c6806e20 Exception <a 'java/lang/NoSuchMethodError'{0x00000000871d02a0}: 'java.lang.Object java.lang.invoke.Invokers$Holder.linkToTargetMethod(java.lang.Object, java.lang.Object, java.lang.Object, java.lang.Object, java.lang.Object, java.lang.Object, java.lang.Object)'> (0x00000000871d02a0) 
thrown [s\open\src\hotspot\share\interpreter\linkResolver.cpp, line 759]
Event: 8.183 Thread 0x00000257c6806e20 Implicit null exception at 0x00000257d7755398 to 0x00000257d7755b80

VM Operations (20 events):
Event: 9.291 Executing VM operation: HandshakeAllThreads
Event: 9.291 Executing VM operation: HandshakeAllThreads done
Event: 9.291 Executing VM operation: HandshakeAllThreads
Event: 9.291 Executing VM operation: HandshakeAllThreads done
Event: 9.317 Executing VM operation: HandshakeAllThreads
Event: 9.332 Executing VM operation: HandshakeAllThreads done
Event: 9.332 Executing VM operation: ICBufferFull
Event: 9.332 Executing VM operation: ICBufferFull done
Event: 9.356 Executing VM operation: HandshakeAllThreads
Event: 9.356 Executing VM operation: HandshakeAllThreads done
Event: 9.476 Executing VM operation: ICBufferFull
Event: 9.476 Executing VM operation: ICBufferFull done
Event: 9.506 Executing VM operation: HandshakeAllThreads
Event: 9.506 Executing VM operation: HandshakeAllThreads done
Event: 9.636 Executing VM operation: ICBufferFull
Event: 9.636 Executing VM operation: ICBufferFull done
Event: 9.788 Executing VM operation: ICBufferFull
Event: 9.788 Executing VM operation: ICBufferFull done
Event: 9.882 Executing VM operation: G1CollectForAllocation
Event: 9.889 Executing VM operation: G1CollectForAllocation done

Events (20 events):
Event: 9.365 Thread 0x00000257e6124f70 flushing nmethod 0x00000257d0f8d690
Event: 9.365 Thread 0x00000257e6124f70 flushing nmethod 0x00000257d0f8f610
Event: 9.365 Thread 0x00000257e6124f70 flushing nmethod 0x00000257d0f98390
Event: 9.365 Thread 0x00000257e6124f70 flushing nmethod 0x00000257d0f9f490
Event: 9.366 Thread 0x00000257e6124f70 flushing nmethod 0x00000257d1000e90
Event: 9.366 Thread 0x00000257e6124f70 flushing nmethod 0x00000257d1028790
Event: 9.366 Thread 0x00000257e6124f70 flushing nmethod 0x00000257d105a090
Event: 9.366 Thread 0x00000257e6124f70 flushing nmethod 0x00000257d1107a10
Event: 9.366 Thread 0x00000257e6124f70 flushing nmethod 0x00000257d118d210
Event: 9.366 Thread 0x00000257e6124f70 flushing nmethod 0x00000257d1190a90
Event: 9.366 Thread 0x00000257e6124f70 flushing nmethod 0x00000257d11b5890
Event: 9.366 Thread 0x00000257e6124f70 flushing nmethod 0x00000257d11dcf10
Event: 9.367 Thread 0x00000257e6124f70 flushing nmethod 0x00000257d1217790
Event: 9.367 Thread 0x00000257e6124f70 flushing nmethod 0x00000257d12bd590
Event: 9.367 Thread 0x00000257e6124f70 flushing nmethod 0x00000257d1398390
Event: 9.367 Thread 0x00000257e6124f70 flushing nmethod 0x00000257d13b3790
Event: 9.368 Thread 0x00000257e6124f70 flushing nmethod 0x00000257d1494610
Event: 9.368 Thread 0x00000257e6124f70 flushing nmethod 0x00000257d1534590
Event: 9.368 Thread 0x00000257e6124f70 flushing nmethod 0x00000257d1534d90
Event: 9.368 Thread 0x00000257e6124f70 flushing nmethod 0x00000257d1549a90


Dynamic libraries:
0x00007ff704970000 - 0x00007ff704980000 	C:\Program Files\Java\jdk-18.0.2.1\bin\java.exe
0x00007ffffdcd0000 - 0x00007ffffdec8000 	C:\Windows\SYSTEM32\ntdll.dll
0x00007ffffd150000 - 0x00007ffffd20d000 	C:\Windows\System32\KERNEL32.DLL
0x00007ffffb550000 - 0x00007ffffb81e000 	C:\Windows\System32\KERNELBASE.dll
0x00007ffffba30000 - 0x00007ffffbb30000 	C:\Windows\System32\ucrtbase.dll
0x00007fffab600000 - 0x00007fffab618000 	C:\Program Files\Java\jdk-18.0.2.1\bin\jli.dll
0x00007fffab5e0000 - 0x00007fffab5fa000 	C:\Program Files\Java\jdk-18.0.2.1\bin\VCRUNTIME140.dll
0x00007ffffd210000 - 0x00007ffffd2be000 	C:\Windows\System32\ADVAPI32.dll
0x00007ffffd4b0000 - 0x00007ffffd54e000 	C:\Windows\System32\msvcrt.dll
0x00007ffffcf20000 - 0x00007ffffcfbc000 	C:\Windows\System32\sechost.dll
0x00007ffffd2d0000 - 0x00007ffffd3f5000 	C:\Windows\System32\RPCRT4.dll
0x00007ffffd550000 - 0x00007ffffd6f0000 	C:\Windows\System32\USER32.dll
0x00007ffffbba0000 - 0x00007ffffbbc2000 	C:\Windows\System32\win32u.dll
0x00007ffffc9a0000 - 0x00007ffffc9ca000 	C:\Windows\System32\GDI32.dll
0x00007ffffb870000 - 0x00007ffffb97b000 	C:\Windows\System32\gdi32full.dll
0x00007ffffb4b0000 - 0x00007ffffb54d000 	C:\Windows\System32\msvcp_win.dll
0x00007fffd83f0000 - 0x00007fffd868a000 	C:\Windows\WinSxS\amd64_microsoft.windows.common-controls_6595b64144ccf1df_6.0.19041.1110_none_60b5254171f9507e\COMCTL32.dll
0x00007ffff2f50000 - 0x00007ffff2f5a000 	C:\Windows\SYSTEM32\VERSION.dll
0x00007ffffc700000 - 0x00007ffffc730000 	C:\Windows\System32\IMM32.DLL
0x00007fffd4190000 - 0x00007fffd419c000 	C:\Program Files\Java\jdk-18.0.2.1\bin\vcruntime140_1.dll
0x00007fff92c50000 - 0x00007fff92cdd000 	C:\Program Files\Java\jdk-18.0.2.1\bin\msvcp140.dll
0x00007fff92030000 - 0x00007fff92c41000 	C:\Program Files\Java\jdk-18.0.2.1\bin\server\jvm.dll
0x00007ffffce00000 - 0x00007ffffce08000 	C:\Windows\System32\PSAPI.DLL
0x00007ffff2db0000 - 0x00007ffff2dd7000 	C:\Windows\SYSTEM32\WINMM.dll
0x00007fffebf80000 - 0x00007fffebf89000 	C:\Windows\SYSTEM32\WSOCK32.dll
0x00007ffffcd90000 - 0x00007ffffcdfb000 	C:\Windows\System32\WS2_32.dll
0x00007ffff9310000 - 0x00007ffff9322000 	C:\Windows\SYSTEM32\kernel.appcore.dll
0x00007fffab5d0000 - 0x00007fffab5da000 	C:\Program Files\Java\jdk-18.0.2.1\bin\jimage.dll
0x00007ffff5300000 - 0x00007ffff54e4000 	C:\Windows\SYSTEM32\DBGHELP.DLL
0x00007fffe8170000 - 0x00007fffe819c000 	C:\Windows\SYSTEM32\dbgcore.DLL
0x00007ffffb420000 - 0x00007ffffb4a2000 	C:\Windows\System32\bcryptPrimitives.dll
0x00007fffab5a0000 - 0x00007fffab5c5000 	C:\Program Files\Java\jdk-18.0.2.1\bin\java.dll
0x00007fff91f50000 - 0x00007fff92026000 	C:\Program Files\Java\jdk-18.0.2.1\bin\jsvml.dll
0x00007ffffbe50000 - 0x00007ffffc594000 	C:\Windows\System32\SHELL32.dll
0x00007ffff9510000 - 0x00007ffff9ca4000 	C:\Windows\SYSTEM32\windows.storage.dll
0x00007ffffca30000 - 0x00007ffffcd84000 	C:\Windows\System32\combase.dll
0x00007ffffae50000 - 0x00007ffffae80000 	C:\Windows\SYSTEM32\Wldp.dll
0x00007ffffd400000 - 0x00007ffffd4ad000 	C:\Windows\System32\SHCORE.dll
0x00007ffffc940000 - 0x00007ffffc995000 	C:\Windows\System32\shlwapi.dll
0x00007ffffb330000 - 0x00007ffffb34f000 	C:\Windows\SYSTEM32\profapi.dll
0x00007fff91f30000 - 0x00007fff91f43000 	C:\Program Files\Java\jdk-18.0.2.1\bin\net.dll
0x00007ffff6180000 - 0x00007ffff628a000 	C:\Windows\SYSTEM32\WINHTTP.dll
0x00007ffffabb0000 - 0x00007ffffac1a000 	C:\Windows\system32\mswsock.dll
0x00007fff91f10000 - 0x00007fff91f26000 	C:\Program Files\Java\jdk-18.0.2.1\bin\nio.dll
0x00007fff91ef0000 - 0x00007fff91f08000 	C:\Program Files\Java\jdk-18.0.2.1\bin\zip.dll
0x00007fff91ee0000 - 0x00007fff91ef0000 	C:\Program Files\Java\jdk-18.0.2.1\bin\verify.dll

dbghelp: loaded successfully - version: 4.0.5 - missing functions: none
symbol engine: initialized successfully - sym options: 0x614 - pdb path: .;C:\Program Files\Java\jdk-18.0.2.1\bin;C:\Windows\SYSTEM32;C:\Windows\WinSxS\amd64_microsoft.windows.common-controls_6595b64144ccf1df_6.0.19041.1110_none_60b5254171f9507e;C:\Program Files\Java\jdk-18.0.2.1\bin\server

VM Arguments:
java_command: org.jetbrains.kotlin.cli.jvm.K2JVMCompiler @D:\Front-end\Projects\React native cli\myNative\node_modules\react-native-gesture-handler\android\build\20220827_3758465465790343458.compiler.options
java_class_path (initial): C:\Users\booge\.gradle\caches\modules-2\files-2.1\org.jetbrains.kotlin\kotlin-compiler-embeddable\1.5.31\cc18c29253541dc57c25c3ef514d63c7953ae1a6\kotlin-compiler-embeddable-1.5.31.jar;C:\Users\booge\.gradle\caches\modules-2\files-2.1\org.jetbrains.kotlin\kotlin-reflect\1.5.31\1523fcd842a47da0820cea772b19c51056fec8a9\kotlin-reflect-1.5.31.jar;C:\Users\booge\.gradle\caches\modules-2\files-2.1\org.jetbrains.kotlin\kotlin-stdlib\1.5.31\6628d61d0f5603568e72d2d5915d2c034b4f1c55\kotlin-stdlib-1.5.31.jar;C:\Users\booge\.gradle\caches\modules-2\files-2.1\org.jetbrains.kotlin\kotlin-script-runtime\1.5.31\aaea854be2cfc06373dfc11be5a6ba9ca5ca84a6\kotlin-script-runtime-1.5.31.jar;C:\Users\booge\.gradle\caches\modules-2\files-2.1\org.jetbrains.kotlin\kotlin-daemon-embeddable\1.5.31\d19b549661e28c62781683dc7c7e34bf416974f1\kotlin-daemon-embeddable-1.5.31.jar;C:\Users\booge\.gradle\caches\modules-2\files-2.1\org.jetbrains.intellij.deps\trove4j\1.0.20181211\216c2e14b070f334479d800987affe4054cd563f\trove4j-1.0.20181211.jar;C:\Users\booge\.gradle\caches\modules-2\files-2.1\org.jetbrains\annotations\13.0\919f0dfe192fb4e063e7dacadee7f8bb9a2672a9\annotations-13.0.jar;C:\Users\booge\.gradle\caches\modules-2\files-2.1\org.jetbrains.kotlin\kotlin-stdlib-common\1.5.31\43331609c7de811fed085e0dfd150874b157c32\kotlin-stdlib-common-1.5.31.jar
Launcher Type: SUN_STANDARD

[Global flags]
     intx CICompilerCount                          = 3                                         {product} {ergonomic}
     uint ConcGCThreads                            = 1                                         {product} {ergonomic}
     uint G1ConcRefinementThreads                  = 4                                         {product} {ergonomic}
   size_t G1HeapRegionSize                         = 1048576                                   {product} {ergonomic}
    uintx GCDrainStackTargetSize                   = 64                                        {product} {ergonomic}
   size_t InitialHeapSize                          = 134217728                                 {product} {ergonomic}
   size_t MarkStackSize                            = 4194304                                   {product} {ergonomic}
   size_t MaxHeapSize                              = 2128609280                                {product} {ergonomic}
   size_t MaxNewSize                               = 1277165568                                {product} {ergonomic}
   size_t MinHeapDeltaBytes                        = 1048576                                   {product} {ergonomic}
   size_t MinHeapSize                              = 8388608                                   {product} {ergonomic}
    uintx NonNMethodCodeHeapSize                   = 5832780                                {pd product} {ergonomic}
    uintx NonProfiledCodeHeapSize                  = 122912730                              {pd product} {ergonomic}
    uintx ProfiledCodeHeapSize                     = 122912730                              {pd product} {ergonomic}
    uintx ReservedCodeCacheSize                    = 251658240                              {pd product} {ergonomic}
     bool SegmentedCodeCache                       = true                                      {product} {ergonomic}
   size_t SoftMaxHeapSize                          = 2128609280                             {manageable} {ergonomic}
     bool UseCompressedClassPointers               = true                           {product lp64_product} {ergonomic}
     bool UseCompressedOops                        = true                           {product lp64_product} {ergonomic}
     bool UseG1GC                                  = true                                      {product} {ergonomic}
     bool UseLargePagesIndividualAllocation        = false                                  {pd product} {ergonomic}

Logging:
Log output configuration:
 #0: stdout all=warning uptime,level,tags foldmultilines=false
 #1: stderr all=off uptime,level,tags foldmultilines=false

Environment Variables:
JAVA_HOME=C:\Program Files\Java\jdk-18.0.2.1
CLASSPATH=D:\Front-end\Projects\React native cli\myNative\android\\gradle\wrapper\gradle-wrapper.jar
PATH=D:\Front-end\Projects\React native cli\myNative\android\node_modules\.bin;D:\Front-end\Projects\React native cli\myNative\node_modules\.bin;D:\Front-end\Projects\React native cli\node_modules\.bin;D:\Front-end\Projects\node_modules\.bin;D:\Front-end\node_modules\.bin;D:\node_modules\.bin;C:\Program Files\nodejs;D:\Front-end\Projects\React native cli\myNative\node_modules\.bin;D:\Front-end\Projects\React native cli\node_modules\.bin;D:\Front-end\Projects\node_modules\.bin;D:\Front-end\node_modules\.bin;D:\node_modules\.bin;C:\Program Files\nodejs\node_modules\npm\node_modules\@npmcli\run-script\lib\node-gyp-bin;D:\Front-end\Projects\React native cli\myNative\node_modules\.bin;C:\Users\booge\bin;C:\Program Files\Git\mingw64\bin;C:\Program Files\Git\usr\local\bin;C:\Program Files\Git\usr\bin;C:\Program Files\Git\usr\bin;C:\Program Files\Git\mingw64\bin;C:\Program Files\Git\usr\bin;C:\Users\booge\bin;C:\Program Files\Common Files\Oracle\Java\javapath;C:\Windows\system32;C:\Windows;C:\Windows\System32\Wbem;C:\Windows\System32\WindowsPowerShell\v1.0;C:\Windows\System32\OpenSSH;C:\Program Files\nodejs;C:\Program Files\Git\cmd;C:\Program Files\dotnet;C:\Users\booge\AppData\Local\Microsoft\WindowsApps;C:\Users\booge\AppData\Roaming\npm;C:\Users\booge\AppData\Local\Programs\Microsoft VS Code\bin;C:\Users\booge\AppData\Local\Android\Sdk\platform-tools;C:\Program Files\Java\jdk-18.0.2.1\bin;C:\Program Files\Git\usr\bin\vendor_perl;C:\Program Files\Git\usr\bin\core_perl
USERNAME=booge
DISPLAY=needs-to-be-defined
LANG=ru_RU.UTF-8
OS=Windows_NT
PROCESSOR_IDENTIFIER=Intel64 Family 6 Model 60 Stepping 3, GenuineIntel



---------------  S Y S T E M  ---------------

OS:
 Windows 10 , 64 bit Build 19041 (10.0.19041.1889)
OS uptime: 0 days 0:40 hours

CPU: total 4 (initial active 4) (4 cores per cpu, 1 threads per core) family 6 model 60 stepping 3 microcode 0x27, cx8, cmov, fxsr, mmx, sse, sse2, sse3, ssse3, sse4.1, sse4.2, popcnt, lzcnt, tsc, tscinvbit, avx, avx2, aes, erms, clmul, bmi1, bmi2, fma, vzeroupper, clflush

Memory: 4k page, system-wide physical 8119M (463M free)
TotalPageFile size 16619M (AvailPageFile size 5M)
current process WorkingSet (physical memory assigned to process): 299M, peak: 300M
current process commit charge ("private bytes"): 330M, peak: 333M

vm_info: Java HotSpot(TM) 64-Bit Server VM (18.0.2.1+1-1) for windows-amd64 JRE (18.0.2.1+1-1), built on Aug 16 2022 01:46:33 by "mach5one" with MS VC++ 16.8 / 16.9 (VS2019)

END.
