#
# There is insufficient memory for the Java Runtime Environment to continue.
# Native memory allocation (mmap) failed to map 214958080 bytes for G1 virtual space
# Possible reasons:
#   The system is out of physical RAM or swap space
#   The process is running with CompressedOops enabled, and the Java Heap may be blocking the growth of the native heap
# Possible solutions:
#   Reduce memory load on the system
#   Increase physical memory or swap space
#   Check if swap backing store is full
#   Decrease Java heap size (-Xmx/-Xms)
#   Decrease number of Java threads
#   Decrease Java thread stack sizes (-Xss)
#   Set larger code cache with -XX:ReservedCodeCacheSize=
#   JVM is running with Unscaled Compressed Oops mode in which the Java heap is
#     placed in the first 4GB address space. The Java Heap base address is the
#     maximum limit for the native heap growth. Please use -XX:HeapBaseMinAddress
#     to set the Java Heap base and to place the Java Heap above 4GB virtual address.
# This output file may be truncated or incomplete.
#
#  Out of Memory Error (os_windows.cpp:3530), pid=10964, tid=3248
#
# JRE version: Java(TM) SE Runtime Environment (18.0.2.1+1) (build 18.0.2.1+1-1)
# Java VM: Java HotSpot(TM) 64-Bit Server VM (18.0.2.1+1-1, mixed mode, sharing, tiered, compressed oops, compressed class ptrs, g1 gc, windows-amd64)
# No core dump will be written. Minidumps are not enabled by default on client versions of Windows
#

---------------  S U M M A R Y ------------

Command Line: org.jetbrains.kotlin.cli.jvm.K2JVMCompiler @D:\Front-end\Projects\React native cli\myNative\node_modules\react-native-screens\android\build\20220827_8720879369841526026.compiler.options

Host: Intel(R) Core(TM) i5-4690 CPU @ 3.50GHz, 4 cores, 7G,  Windows 10 , 64 bit Build 19041 (10.0.19041.1889)
Time: Sat Aug 27 02:48:33 2022 RTZ 2 (s 10 , 64 bit Build 19041 (10.0.19041.1889) elapsed time: 5.841209 seconds (0d 0h 0m 5s)

---------------  T H R E A D  ---------------

Current thread (0x000001f479eb0db0):  VMThread "VM Thread" [stack: 0x0000008df4f00000,0x0000008df5000000] [id=3248]

Stack: [0x0000008df4f00000,0x0000008df5000000]
Native frames: (J=compiled Java code, j=interpreted, Vv=VM code, C=native code)
V  [jvm.dll+0x6993aa]
V  [jvm.dll+0x7f46dd]
V  [jvm.dll+0x7f5fee]
V  [jvm.dll+0x7f66a3]
V  [jvm.dll+0x25cf1f]
V  [jvm.dll+0x6962f9]
V  [jvm.dll+0x68ae2a]
V  [jvm.dll+0x32255b]
V  [jvm.dll+0x329f36]
V  [jvm.dll+0x37eade]
V  [jvm.dll+0x37ed0f]
V  [jvm.dll+0x2fa2da]
V  [jvm.dll+0x2fa387]
V  [jvm.dll+0x33e8c2]
V  [jvm.dll+0x33ce64]
V  [jvm.dll+0x2f9ab0]
V  [jvm.dll+0x33c43b]
V  [jvm.dll+0x7fb48b]
V  [jvm.dll+0x7fc224]
V  [jvm.dll+0x7fc75c]
V  [jvm.dll+0x7fcbb4]
V  [jvm.dll+0x7fcc77]
V  [jvm.dll+0x7a120a]
V  [jvm.dll+0x698255]
C  [ucrtbase.dll+0x21bb2]
C  [KERNEL32.DLL+0x17034]
C  [ntdll.dll+0x52651]

VM_Operation (0x0000008df49fdac0): G1CollectForAllocation, mode: safepoint, requested by thread 0x000001f46b6a9810


---------------  P R O C E S S  ---------------

Threads class SMR info:
_java_thread_list=0x000001f47e184d40, length=13, elements={
0x000001f46b6a9810, 0x000001f479ebbce0, 0x000001f479ebc940, 0x000001f479ed3190,
0x000001f479ed3b30, 0x000001f479ed54e0, 0x000001f479ed5fc0, 0x000001f479eda570,
0x000001f479edbf60, 0x000001f479ee0870, 0x000001f47e19f170, 0x000001f47e1a1320,
0x000001f47e1ce040
}

Java Threads: ( => current thread )
  0x000001f46b6a9810 JavaThread "main" [_thread_blocked, id=8276, stack(0x0000008df4900000,0x0000008df4a00000)]
  0x000001f479ebbce0 JavaThread "Reference Handler" daemon [_thread_blocked, id=4524, stack(0x0000008df5000000,0x0000008df5100000)]
  0x000001f479ebc940 JavaThread "Finalizer" daemon [_thread_blocked, id=368, stack(0x0000008df5100000,0x0000008df5200000)]
  0x000001f479ed3190 JavaThread "Signal Dispatcher" daemon [_thread_blocked, id=5908, stack(0x0000008df5200000,0x0000008df5300000)]
  0x000001f479ed3b30 JavaThread "Attach Listener" daemon [_thread_blocked, id=2632, stack(0x0000008df5300000,0x0000008df5400000)]
  0x000001f479ed54e0 JavaThread "Service Thread" daemon [_thread_blocked, id=2792, stack(0x0000008df5400000,0x0000008df5500000)]
  0x000001f479ed5fc0 JavaThread "Monitor Deflation Thread" daemon [_thread_blocked, id=1592, stack(0x0000008df5500000,0x0000008df5600000)]
  0x000001f479eda570 JavaThread "C2 CompilerThread0" daemon [_thread_blocked, id=2568, stack(0x0000008df5600000,0x0000008df5700000)]
  0x000001f479edbf60 JavaThread "C1 CompilerThread0" daemon [_thread_blocked, id=5896, stack(0x0000008df5700000,0x0000008df5800000)]
  0x000001f479ee0870 JavaThread "Sweeper thread" daemon [_thread_blocked, id=3980, stack(0x0000008df5800000,0x0000008df5900000)]
  0x000001f47e19f170 JavaThread "Notification Thread" daemon [_thread_blocked, id=11640, stack(0x0000008df5900000,0x0000008df5a00000)]
  0x000001f47e1a1320 JavaThread "Common-Cleaner" daemon [_thread_blocked, id=3076, stack(0x0000008df5b00000,0x0000008df5c00000)]
  0x000001f47e1ce040 JavaThread "C2 CompilerThread1" daemon [_thread_blocked, id=12152, stack(0x0000008df5c00000,0x0000008df5d00000)]

Other Threads:
=>0x000001f479eb0db0 VMThread "VM Thread" [stack: 0x0000008df4f00000,0x0000008df5000000] [id=3248]
  0x000001f47e1a6e20 WatcherThread "VM Periodic Task Thread" [stack: 0x0000008df5a00000,0x0000008df5b00000] [id=12472]
  0x000001f46b708d40 WorkerThread "GC Thread#0" [stack: 0x0000008df4a00000,0x0000008df4b00000] [id=11620]
  0x000001f47e4d6d40 WorkerThread "GC Thread#1" [stack: 0x0000008df5d00000,0x0000008df5e00000] [id=8584]
  0x000001f47e50eab0 WorkerThread "GC Thread#2" [stack: 0x0000008df5e00000,0x0000008df5f00000] [id=3740]
  0x000001f47e4d39c0 WorkerThread "GC Thread#3" [stack: 0x0000008df5f00000,0x0000008df6000000] [id=6240]
  0x000001f46b719a30 ConcurrentGCThread "G1 Main Marker" [stack: 0x0000008df4b00000,0x0000008df4c00000] [id=12928]
  0x000001f46b71a420 WorkerThread "G1 Conc#0" [stack: 0x0000008df4c00000,0x0000008df4d00000] [id=356]
  0x000001f46b759480 ConcurrentGCThread "G1 Refine#0" [stack: 0x0000008df4d00000,0x0000008df4e00000] [id=2992]
  0x000001f40fb44600 ConcurrentGCThread "G1 Refine#1" [stack: 0x0000008df6000000,0x0000008df6100000] [id=5848]
  0x000001f46b759d90 ConcurrentGCThread "G1 Service" [stack: 0x0000008df4e00000,0x0000008df4f00000] [id=1288]

Threads with active compile tasks:
C2 CompilerThread0     5858 8440       4       org.jetbrains.kotlin.resolve.lazy.descriptors.LazyClassMemberScope::generateDelegatingDescriptors (96 bytes)
C1 CompilerThread0     5858 8508 %     3       org.jetbrains.kotlin.resolve.OverrideResolver$Companion::checkMissingOverridesByJava8Restrictions @ 23 (347 bytes)
C2 CompilerThread1     5858 8481       4       org.jetbrains.kotlin.types.IndexedParametersSubstitution::get (90 bytes)

VM state: at safepoint (normal execution)

VM Mutex/Monitor currently owned by a thread:  ([mutex/lock_event])
[0x000001f46b6a3250] Threads_lock - owner thread: 0x000001f479eb0db0
[0x000001f46b6a3400] Heap_lock - owner thread: 0x000001f46b6a9810

Heap address: 0x0000000081200000, size: 2030 MB, Compressed Oops mode: 32-bit

CDS archive(s) mapped at: [0x0000000800000000-0x0000000800ba0000-0x0000000800ba0000), size 12189696, SharedBaseAddress: 0x0000000800000000, ArchiveRelocationMode: 0.
Compressed class space mapped at: 0x0000000800c00000-0x0000000840c00000, reserved size: 1073741824
Narrow klass base: 0x0000000800000000, Narrow klass shift: 0, Narrow klass range: 0x100000000

GC Precious Log:
 CardTable entry size: 512
 Card Set container configuration: InlinePtr #cards 5 size 8 Array Of Cards #cards 12 size 40 Howl #buckets 4 coarsen threshold 1843 Howl Bitmap #cards 512 size 80 coarsen threshold 460 Card regions per heap region 1 cards per card region 2048
 CPUs: 4 total, 4 available
 Memory: 8119M
 Large Page Support: Disabled
 NUMA Support: Disabled
 Compressed Oops: Enabled (32-bit)
 Heap Region Size: 1M
 Heap Min Capacity: 8M
 Heap Initial Capacity: 128M
 Heap Max Capacity: 2030M
 Pre-touch: Disabled
 Parallel Workers: 4
 Concurrent Workers: 1
 Concurrent Refinement Workers: 4
 Periodic GC: Disabled

Heap:
 garbage-first heap   total 134144K, used 64240K [0x0000000081200000, 0x0000000100000000)
  region size 1024K, 1 young (1024K), 1 survivors (1024K)
 Metaspace       used 53193K, committed 54016K, reserved 1114112K
  class space    used 6342K, committed 6784K, reserved 1048576K

Heap Regions: E=young(eden), S=young(survivor), O=old, HS=humongous(starts), HC=humongous(continues), CS=collection set, F=free, OA=open archive, CA=closed archive, TAMS=top-at-mark-start (previous, next)
|   0|0x0000000081200000, 0x0000000081300000, 0x0000000081300000|100%|HS|  |TAMS 0x0000000081300000, 0x0000000081300000| Complete 
|   1|0x0000000081300000, 0x0000000081400000, 0x0000000081400000|100%|HC|  |TAMS 0x0000000081400000, 0x0000000081400000| Complete 
|   2|0x0000000081400000, 0x0000000081500000, 0x0000000081500000|100%|HC|  |TAMS 0x0000000081500000, 0x0000000081500000| Complete 
|   3|0x0000000081500000, 0x0000000081600000, 0x0000000081600000|100%| O|  |TAMS 0x0000000081600000, 0x0000000081600000| Untracked 
|   4|0x0000000081600000, 0x0000000081700000, 0x0000000081700000|100%| O|  |TAMS 0x0000000081700000, 0x0000000081700000| Untracked 
|   5|0x0000000081700000, 0x0000000081800000, 0x0000000081800000|100%| O|  |TAMS 0x0000000081800000, 0x0000000081800000| Untracked 
|   6|0x0000000081800000, 0x0000000081900000, 0x0000000081900000|100%|HS|  |TAMS 0x0000000081900000, 0x0000000081900000| Complete 
|   7|0x0000000081900000, 0x0000000081a00000, 0x0000000081a00000|100%|HC|  |TAMS 0x0000000081a00000, 0x0000000081a00000| Complete 
|   8|0x0000000081a00000, 0x0000000081b00000, 0x0000000081b00000|100%|HC|  |TAMS 0x0000000081b00000, 0x0000000081b00000| Complete 
|   9|0x0000000081b00000, 0x0000000081c00000, 0x0000000081c00000|100%| O|  |TAMS 0x0000000081c00000, 0x0000000081c00000| Untracked 
|  10|0x0000000081c00000, 0x0000000081ca1000, 0x0000000081d00000| 62%| O|  |TAMS 0x0000000081ca1000, 0x0000000081ca1000| Untracked 
|  11|0x0000000081d00000, 0x0000000081e00000, 0x0000000081e00000|100%| O|  |TAMS 0x0000000081e00000, 0x0000000081e00000| Untracked 
|  12|0x0000000081e00000, 0x0000000081f00000, 0x0000000081f00000|100%| O|  |TAMS 0x0000000081f00000, 0x0000000081f00000| Untracked 
|  13|0x0000000081f00000, 0x0000000082000000, 0x0000000082000000|100%| O|  |TAMS 0x0000000082000000, 0x0000000082000000| Untracked 
|  14|0x0000000082000000, 0x0000000082100000, 0x0000000082100000|100%| O|  |TAMS 0x0000000082100000, 0x0000000082100000| Untracked 
|  15|0x0000000082100000, 0x0000000082200000, 0x0000000082200000|100%| O|  |TAMS 0x0000000082200000, 0x0000000082200000| Untracked 
|  16|0x0000000082200000, 0x0000000082300000, 0x0000000082300000|100%| O|  |TAMS 0x0000000082300000, 0x0000000082300000| Untracked 
|  17|0x0000000082300000, 0x0000000082400000, 0x0000000082400000|100%| O|  |TAMS 0x0000000082400000, 0x0000000082400000| Untracked 
|  18|0x0000000082400000, 0x0000000082500000, 0x0000000082500000|100%|HS|  |TAMS 0x0000000082500000, 0x0000000082500000| Complete 
|  19|0x0000000082500000, 0x0000000082600000, 0x0000000082600000|100%|HC|  |TAMS 0x0000000082600000, 0x0000000082600000| Complete 
|  20|0x0000000082600000, 0x0000000082700000, 0x0000000082700000|100%| O|  |TAMS 0x0000000082700000, 0x0000000082700000| Untracked 
|  21|0x0000000082700000, 0x0000000082800000, 0x0000000082800000|100%| O|  |TAMS 0x0000000082800000, 0x0000000082800000| Untracked 
|  22|0x0000000082800000, 0x0000000082900000, 0x0000000082900000|100%| O|  |TAMS 0x0000000082900000, 0x0000000082900000| Untracked 
|  23|0x0000000082900000, 0x0000000082a00000, 0x0000000082a00000|100%| O|  |TAMS 0x0000000082a00000, 0x0000000082a00000| Untracked 
|  24|0x0000000082a00000, 0x0000000082b00000, 0x0000000082b00000|100%| O|  |TAMS 0x0000000082b00000, 0x0000000082b00000| Untracked 
|  25|0x0000000082b00000, 0x0000000082c00000, 0x0000000082c00000|100%| O|  |TAMS 0x0000000082c00000, 0x0000000082c00000| Untracked 
|  26|0x0000000082c00000, 0x0000000082d00000, 0x0000000082d00000|100%| O|  |TAMS 0x0000000082d00000, 0x0000000082d00000| Untracked 
|  27|0x0000000082d00000, 0x0000000082e00000, 0x0000000082e00000|100%| O|  |TAMS 0x0000000082e00000, 0x0000000082e00000| Untracked 
|  28|0x0000000082e00000, 0x0000000082f00000, 0x0000000082f00000|100%| O|  |TAMS 0x0000000082f00000, 0x0000000082f00000| Untracked 
|  29|0x0000000082f00000, 0x0000000083000000, 0x0000000083000000|100%| O|  |TAMS 0x0000000083000000, 0x0000000083000000| Untracked 
|  30|0x0000000083000000, 0x0000000083100000, 0x0000000083100000|100%| O|  |TAMS 0x0000000083100000, 0x0000000083100000| Untracked 
|  31|0x0000000083100000, 0x0000000083200000, 0x0000000083200000|100%| O|  |TAMS 0x0000000083200000, 0x0000000083200000| Untracked 
|  32|0x0000000083200000, 0x0000000083300000, 0x0000000083300000|100%| O|  |TAMS 0x0000000083300000, 0x0000000083300000| Untracked 
|  33|0x0000000083300000, 0x0000000083400000, 0x0000000083400000|100%| O|  |TAMS 0x0000000083400000, 0x0000000083400000| Untracked 
|  34|0x0000000083400000, 0x0000000083500000, 0x0000000083500000|100%| O|  |TAMS 0x0000000083500000, 0x0000000083500000| Untracked 
|  35|0x0000000083500000, 0x0000000083600000, 0x0000000083600000|100%| O|  |TAMS 0x0000000083600000, 0x0000000083600000| Untracked 
|  36|0x0000000083600000, 0x0000000083700000, 0x0000000083700000|100%| O|  |TAMS 0x0000000083700000, 0x0000000083700000| Untracked 
|  37|0x0000000083700000, 0x0000000083800000, 0x0000000083800000|100%| O|  |TAMS 0x0000000083800000, 0x0000000083800000| Untracked 
|  38|0x0000000083800000, 0x0000000083900000, 0x0000000083900000|100%| O|  |TAMS 0x0000000083900000, 0x0000000083900000| Untracked 
|  39|0x0000000083900000, 0x0000000083a00000, 0x0000000083a00000|100%| O|  |TAMS 0x0000000083a00000, 0x0000000083a00000| Untracked 
|  40|0x0000000083a00000, 0x0000000083b00000, 0x0000000083b00000|100%| O|  |TAMS 0x0000000083b00000, 0x0000000083b00000| Untracked 
|  41|0x0000000083b00000, 0x0000000083c00000, 0x0000000083c00000|100%| O|  |TAMS 0x0000000083c00000, 0x0000000083c00000| Untracked 
|  42|0x0000000083c00000, 0x0000000083d00000, 0x0000000083d00000|100%| O|  |TAMS 0x0000000083d00000, 0x0000000083d00000| Untracked 
|  43|0x0000000083d00000, 0x0000000083e00000, 0x0000000083e00000|100%| O|  |TAMS 0x0000000083e00000, 0x0000000083e00000| Untracked 
|  44|0x0000000083e00000, 0x0000000083f00000, 0x0000000083f00000|100%| O|  |TAMS 0x0000000083f00000, 0x0000000083f00000| Untracked 
|  45|0x0000000083f00000, 0x0000000084000000, 0x0000000084000000|100%| O|  |TAMS 0x0000000084000000, 0x0000000084000000| Untracked 
|  46|0x0000000084000000, 0x0000000084100000, 0x0000000084100000|100%| O|  |TAMS 0x0000000084100000, 0x0000000084100000| Untracked 
|  47|0x0000000084100000, 0x0000000084200000, 0x0000000084200000|100%| O|  |TAMS 0x0000000084200000, 0x0000000084200000| Untracked 
|  48|0x0000000084200000, 0x0000000084300000, 0x0000000084300000|100%| O|  |TAMS 0x0000000084300000, 0x0000000084300000| Untracked 
|  49|0x0000000084300000, 0x0000000084400000, 0x0000000084400000|100%| O|  |TAMS 0x0000000084400000, 0x0000000084400000| Untracked 
|  50|0x0000000084400000, 0x0000000084500000, 0x0000000084500000|100%| O|  |TAMS 0x0000000084500000, 0x0000000084500000| Untracked 
|  51|0x0000000084500000, 0x0000000084600000, 0x0000000084600000|100%| O|  |TAMS 0x0000000084600000, 0x0000000084600000| Untracked 
|  52|0x0000000084600000, 0x0000000084700000, 0x0000000084700000|100%| O|  |TAMS 0x0000000084700000, 0x0000000084700000| Untracked 
|  53|0x0000000084700000, 0x0000000084800000, 0x0000000084800000|100%| O|  |TAMS 0x0000000084700000, 0x0000000084800000| Untracked 
|  54|0x0000000084800000, 0x0000000084900000, 0x0000000084900000|100%| O|  |TAMS 0x0000000084800000, 0x0000000084900000| Untracked 
|  55|0x0000000084900000, 0x0000000084a00000, 0x0000000084a00000|100%| O|  |TAMS 0x0000000084900000, 0x0000000084a00000| Untracked 
|  56|0x0000000084a00000, 0x0000000084b00000, 0x0000000084b00000|100%| O|  |TAMS 0x0000000084a00000, 0x0000000084b00000| Untracked 
|  57|0x0000000084b00000, 0x0000000084c00000, 0x0000000084c00000|100%| O|  |TAMS 0x0000000084b00000, 0x0000000084c00000| Untracked 
|  58|0x0000000084c00000, 0x0000000084d00000, 0x0000000084d00000|100%| O|  |TAMS 0x0000000084c00000, 0x0000000084d00000| Untracked 
|  59|0x0000000084d00000, 0x0000000084e00000, 0x0000000084e00000|100%| O|  |TAMS 0x0000000084d00000, 0x0000000084e00000| Untracked 
|  60|0x0000000084e00000, 0x0000000084f00000, 0x0000000084f00000|100%| O|  |TAMS 0x0000000084e00000, 0x0000000084f00000| Untracked 
|  61|0x0000000084f00000, 0x0000000084faf600, 0x0000000085000000| 68%| O|  |TAMS 0x0000000084f00000, 0x0000000084faf600| Untracked 
|  62|0x0000000085000000, 0x0000000085000000, 0x0000000085100000|  0%| F|  |TAMS 0x0000000085000000, 0x0000000085000000| Untracked 
|  63|0x0000000085100000, 0x0000000085100000, 0x0000000085200000|  0%| F|  |TAMS 0x0000000085100000, 0x0000000085100000| Untracked 
|  64|0x0000000085200000, 0x0000000085200000, 0x0000000085300000|  0%| F|  |TAMS 0x0000000085200000, 0x0000000085200000| Untracked 
|  65|0x0000000085300000, 0x0000000085300000, 0x0000000085400000|  0%| F|  |TAMS 0x0000000085300000, 0x0000000085300000| Untracked 
|  66|0x0000000085400000, 0x0000000085400000, 0x0000000085500000|  0%| F|  |TAMS 0x0000000085400000, 0x0000000085400000| Untracked 
|  67|0x0000000085500000, 0x0000000085500000, 0x0000000085600000|  0%| F|  |TAMS 0x0000000085500000, 0x0000000085500000| Untracked 
|  68|0x0000000085600000, 0x0000000085600000, 0x0000000085700000|  0%| F|  |TAMS 0x0000000085600000, 0x0000000085600000| Untracked 
|  69|0x0000000085700000, 0x0000000085700000, 0x0000000085800000|  0%| F|  |TAMS 0x0000000085700000, 0x0000000085700000| Untracked 
|  70|0x0000000085800000, 0x0000000085800000, 0x0000000085900000|  0%| F|  |TAMS 0x0000000085800000, 0x0000000085800000| Untracked 
|  71|0x0000000085900000, 0x0000000085900000, 0x0000000085a00000|  0%| F|  |TAMS 0x0000000085900000, 0x0000000085900000| Untracked 
|  72|0x0000000085a00000, 0x0000000085a00000, 0x0000000085b00000|  0%| F|  |TAMS 0x0000000085a00000, 0x0000000085a00000| Untracked 
|  73|0x0000000085b00000, 0x0000000085b00000, 0x0000000085c00000|  0%| F|  |TAMS 0x0000000085b00000, 0x0000000085b00000| Untracked 
|  74|0x0000000085c00000, 0x0000000085c00000, 0x0000000085d00000|  0%| F|  |TAMS 0x0000000085c00000, 0x0000000085c00000| Untracked 
|  75|0x0000000085d00000, 0x0000000085d00000, 0x0000000085e00000|  0%| F|  |TAMS 0x0000000085d00000, 0x0000000085d00000| Untracked 
|  76|0x0000000085e00000, 0x0000000085e00000, 0x0000000085f00000|  0%| F|  |TAMS 0x0000000085e00000, 0x0000000085e00000| Untracked 
|  77|0x0000000085f00000, 0x0000000085f00000, 0x0000000086000000|  0%| F|  |TAMS 0x0000000085f00000, 0x0000000085f00000| Untracked 
|  78|0x0000000086000000, 0x0000000086000000, 0x0000000086100000|  0%| F|  |TAMS 0x0000000086000000, 0x0000000086000000| Untracked 
|  79|0x0000000086100000, 0x0000000086100000, 0x0000000086200000|  0%| F|  |TAMS 0x0000000086100000, 0x0000000086100000| Untracked 
|  80|0x0000000086200000, 0x0000000086200000, 0x0000000086300000|  0%| F|  |TAMS 0x0000000086200000, 0x0000000086200000| Untracked 
|  81|0x0000000086300000, 0x0000000086300000, 0x0000000086400000|  0%| F|  |TAMS 0x0000000086300000, 0x0000000086300000| Untracked 
|  82|0x0000000086400000, 0x0000000086400000, 0x0000000086500000|  0%| F|  |TAMS 0x0000000086400000, 0x0000000086400000| Untracked 
|  83|0x0000000086500000, 0x0000000086500000, 0x0000000086600000|  0%| F|  |TAMS 0x0000000086500000, 0x0000000086500000| Untracked 
|  84|0x0000000086600000, 0x000000008666bc38, 0x0000000086700000| 42%| S|CS|TAMS 0x0000000086600000, 0x0000000086600000| Complete 
|  85|0x0000000086700000, 0x0000000086700000, 0x0000000086800000|  0%| F|  |TAMS 0x0000000086700000, 0x0000000086700000| Untracked 
|  86|0x0000000086800000, 0x0000000086800000, 0x0000000086900000|  0%| F|  |TAMS 0x0000000086800000, 0x0000000086800000| Untracked 
|  87|0x0000000086900000, 0x0000000086900000, 0x0000000086a00000|  0%| F|  |TAMS 0x0000000086900000, 0x0000000086900000| Untracked 
|  88|0x0000000086a00000, 0x0000000086a00000, 0x0000000086b00000|  0%| F|  |TAMS 0x0000000086a00000, 0x0000000086a00000| Untracked 
|  89|0x0000000086b00000, 0x0000000086b00000, 0x0000000086c00000|  0%| F|  |TAMS 0x0000000086b00000, 0x0000000086b00000| Untracked 
|  90|0x0000000086c00000, 0x0000000086c00000, 0x0000000086d00000|  0%| F|  |TAMS 0x0000000086c00000, 0x0000000086c00000| Untracked 
|  91|0x0000000086d00000, 0x0000000086d00000, 0x0000000086e00000|  0%| F|  |TAMS 0x0000000086d00000, 0x0000000086d00000| Untracked 
|  92|0x0000000086e00000, 0x0000000086e00000, 0x0000000086f00000|  0%| F|  |TAMS 0x0000000086e00000, 0x0000000086e00000| Untracked 
|  93|0x0000000086f00000, 0x0000000086f00000, 0x0000000087000000|  0%| F|  |TAMS 0x0000000086f00000, 0x0000000086f00000| Untracked 
|  94|0x0000000087000000, 0x0000000087000000, 0x0000000087100000|  0%| F|  |TAMS 0x0000000087000000, 0x0000000087000000| Untracked 
|  95|0x0000000087100000, 0x0000000087100000, 0x0000000087200000|  0%| F|  |TAMS 0x0000000087100000, 0x0000000087100000| Untracked 
|  96|0x0000000087200000, 0x0000000087200000, 0x0000000087300000|  0%| F|  |TAMS 0x0000000087200000, 0x0000000087200000| Untracked 
|  97|0x0000000087300000, 0x0000000087300000, 0x0000000087400000|  0%| F|  |TAMS 0x0000000087300000, 0x0000000087300000| Untracked 
|  98|0x0000000087400000, 0x0000000087400000, 0x0000000087500000|  0%| F|  |TAMS 0x0000000087400000, 0x0000000087400000| Untracked 
|  99|0x0000000087500000, 0x0000000087500000, 0x0000000087600000|  0%| F|  |TAMS 0x0000000087500000, 0x0000000087500000| Untracked 
| 100|0x0000000087600000, 0x0000000087600000, 0x0000000087700000|  0%| F|  |TAMS 0x0000000087600000, 0x0000000087600000| Untracked 
| 101|0x0000000087700000, 0x0000000087700000, 0x0000000087800000|  0%| F|  |TAMS 0x0000000087700000, 0x0000000087700000| Untracked 
| 102|0x0000000087800000, 0x0000000087800000, 0x0000000087900000|  0%| F|  |TAMS 0x0000000087800000, 0x0000000087800000| Untracked 
| 103|0x0000000087900000, 0x0000000087900000, 0x0000000087a00000|  0%| F|  |TAMS 0x0000000087900000, 0x0000000087900000| Untracked 
| 104|0x0000000087a00000, 0x0000000087a00000, 0x0000000087b00000|  0%| F|  |TAMS 0x0000000087a00000, 0x0000000087a00000| Untracked 
| 105|0x0000000087b00000, 0x0000000087b00000, 0x0000000087c00000|  0%| F|  |TAMS 0x0000000087b00000, 0x0000000087b00000| Untracked 
| 106|0x0000000087c00000, 0x0000000087c00000, 0x0000000087d00000|  0%| F|  |TAMS 0x0000000087c00000, 0x0000000087c00000| Untracked 
| 107|0x0000000087d00000, 0x0000000087d00000, 0x0000000087e00000|  0%| F|  |TAMS 0x0000000087d00000, 0x0000000087d00000| Untracked 
| 108|0x0000000087e00000, 0x0000000087e00000, 0x0000000087f00000|  0%| F|  |TAMS 0x0000000087e00000, 0x0000000087e00000| Untracked 
| 109|0x0000000087f00000, 0x0000000087f00000, 0x0000000088000000|  0%| F|  |TAMS 0x0000000087f00000, 0x0000000087f00000| Untracked 
| 110|0x0000000088000000, 0x0000000088000000, 0x0000000088100000|  0%| F|  |TAMS 0x0000000088000000, 0x0000000088000000| Untracked 
| 111|0x0000000088100000, 0x0000000088100000, 0x0000000088200000|  0%| F|  |TAMS 0x0000000088100000, 0x0000000088100000| Untracked 
| 112|0x0000000088200000, 0x0000000088200000, 0x0000000088300000|  0%| F|  |TAMS 0x0000000088200000, 0x0000000088200000| Untracked 
| 113|0x0000000088300000, 0x0000000088300000, 0x0000000088400000|  0%| F|  |TAMS 0x0000000088300000, 0x0000000088300000| Untracked 
| 114|0x0000000088400000, 0x0000000088400000, 0x0000000088500000|  0%| F|  |TAMS 0x0000000088400000, 0x0000000088400000| Untracked 
| 115|0x0000000088500000, 0x0000000088500000, 0x0000000088600000|  0%| F|  |TAMS 0x0000000088500000, 0x0000000088500000| Untracked 
| 116|0x0000000088600000, 0x0000000088600000, 0x0000000088700000|  0%| F|  |TAMS 0x0000000088600000, 0x0000000088600000| Untracked 
| 117|0x0000000088700000, 0x0000000088700000, 0x0000000088800000|  0%| F|  |TAMS 0x0000000088700000, 0x0000000088700000| Untracked 
| 118|0x0000000088800000, 0x0000000088800000, 0x0000000088900000|  0%| F|  |TAMS 0x0000000088800000, 0x0000000088800000| Untracked 
| 119|0x0000000088900000, 0x0000000088900000, 0x0000000088a00000|  0%| F|  |TAMS 0x0000000088900000, 0x0000000088900000| Untracked 
| 120|0x0000000088a00000, 0x0000000088a00000, 0x0000000088b00000|  0%| F|  |TAMS 0x0000000088a00000, 0x0000000088a00000| Untracked 
| 121|0x0000000088b00000, 0x0000000088b00000, 0x0000000088c00000|  0%| F|  |TAMS 0x0000000088b00000, 0x0000000088b00000| Untracked 
| 122|0x0000000088c00000, 0x0000000088c00000, 0x0000000088d00000|  0%| F|  |TAMS 0x0000000088c00000, 0x0000000088c00000| Untracked 
| 123|0x0000000088d00000, 0x0000000088d00000, 0x0000000088e00000|  0%| F|  |TAMS 0x0000000088d00000, 0x0000000088d00000| Untracked 
| 124|0x0000000088e00000, 0x0000000088e00000, 0x0000000088f00000|  0%| F|  |TAMS 0x0000000088e00000, 0x0000000088e00000| Untracked 
| 125|0x0000000088f00000, 0x0000000088f00000, 0x0000000089000000|  0%| F|  |TAMS 0x0000000088f00000, 0x0000000088f00000| Untracked 
| 126|0x0000000089000000, 0x0000000089000000, 0x0000000089100000|  0%| F|  |TAMS 0x0000000089000000, 0x0000000089000000| Untracked 
| 127|0x0000000089100000, 0x0000000089100000, 0x0000000089200000|  0%| F|  |TAMS 0x0000000089100000, 0x0000000089100000| Untracked 
|2027|0x00000000ffd00000, 0x00000000ffe00000, 0x00000000ffe00000|100%| O|  |TAMS 0x00000000ffe00000, 0x00000000ffe00000| Untracked 
|2028|0x00000000ffe00000, 0x00000000ffe00000, 0x00000000fff00000|  0%| F|  |TAMS 0x00000000ffe00000, 0x00000000ffe00000| Untracked 
|2029|0x00000000fff00000, 0x00000000fff00000, 0x0000000100000000|  0%| F|  |TAMS 0x00000000fff00000, 0x00000000fff00000| Untracked 

Card table byte_map: [0x000001f4733e0000,0x000001f4737e0000] _byte_map_base: 0x000001f472fd7000

Marking Bits (Prev, Next): (CMBitMap*) 0x000001f46b709340, (CMBitMap*) 0x000001f46b709380
 Prev Bits: [0x000001f473be0000, 0x000001f475b98000)
 Next Bits: [0x000001f475ba0000, 0x000001f477b58000)

Polling page: 0x000001f4693b0000

Metaspace:

Usage:
  Non-class:     45.75 MB used.
      Class:      6.19 MB used.
       Both:     51.95 MB used.

Virtual space:
  Non-class space:       64.00 MB reserved,      46.12 MB ( 72%) committed,  1 nodes.
      Class space:        1.00 GB reserved,       6.62 MB ( <1%) committed,  1 nodes.
             Both:        1.06 GB reserved,      52.75 MB (  5%) committed. 

Chunk freelists:
   Non-Class:  1.83 MB
       Class:  1.23 MB
        Both:  3.06 MB

MaxMetaspaceSize: unlimited
CompressedClassSpaceSize: 1.00 GB
Initial GC threshold: 21.00 MB
Current GC threshold: 87.12 MB
CDS: on
MetaspaceReclaimPolicy: balanced
 - commit_granule_bytes: 65536.
 - commit_granule_words: 8192.
 - virtual_space_node_default_size: 8388608.
 - enlarge_chunks_in_place: 1.
 - new_chunks_are_fully_committed: 0.
 - uncommit_free_chunks: 1.
 - use_allocation_guard: 0.


Internal statistics:

num_allocs_failed_limit: 6.
num_arena_births: 1288.
num_arena_deaths: 0.
num_vsnodes_births: 2.
num_vsnodes_deaths: 0.
num_space_committed: 842.
num_space_uncommitted: 0.
num_chunks_returned_to_freelist: 6.
num_chunks_taken_from_freelist: 3410.
num_chunk_merges: 6.
num_chunk_splits: 2482.
num_chunks_enlarged: 1851.
num_inconsistent_stats: 0.

CodeHeap 'non-profiled nmethods': size=120000Kb used=3765Kb max_used=3765Kb free=116235Kb
 bounds [0x000001f407ad0000, 0x000001f407e80000, 0x000001f40f000000]
CodeHeap 'profiled nmethods': size=120000Kb used=17505Kb max_used=17505Kb free=102494Kb
 bounds [0x000001f4005a0000, 0x000001f4016c0000, 0x000001f407ad0000]
CodeHeap 'non-nmethods': size=5760Kb used=1318Kb max_used=1380Kb free=4441Kb
 bounds [0x000001f400000000, 0x000001f400270000, 0x000001f4005a0000]
 total_blobs=8092 nmethods=7469 adapters=534
 compilation: enabled
              stopped_count=0, restarted_count=0
 full_count=0

Compilation events (20 events):
Event: 5.822 Thread 0x000001f47e1ce040 8485       4       kotlin.collections.EmptyMap::get (6 bytes)
Event: 5.822 Thread 0x000001f47e1ce040 nmethod 8485 0x000001f407e7c590 code [0x000001f407e7c700, 0x000001f407e7c778]
Event: 5.822 Thread 0x000001f47e1ce040 8493       4       org.jetbrains.kotlin.resolve.lazy.descriptors.LazyClassDescriptor::getKind (14 bytes)
Event: 5.822 Thread 0x000001f47e1ce040 nmethod 8493 0x000001f407e7c890 code [0x000001f407e7ca00, 0x000001f407e7ca98]
Event: 5.822 Thread 0x000001f47e1ce040 8488       4       java.util.LinkedHashMap$LinkedEntryIterator::next (5 bytes)
Event: 5.824 Thread 0x000001f47e1ce040 nmethod 8488 0x000001f407e7cb90 code [0x000001f407e7cd00, 0x000001f407e7cf78]
Event: 5.824 Thread 0x000001f47e1ce040 8501       4       org.jetbrains.kotlin.resolve.DescriptorUtils::isKindOf (35 bytes)
Event: 5.825 Thread 0x000001f47e1ce040 nmethod 8501 0x000001f407e7d090 code [0x000001f407e7d220, 0x000001f407e7d318]
Event: 5.825 Thread 0x000001f47e1ce040 8481       4       org.jetbrains.kotlin.types.IndexedParametersSubstitution::get (90 bytes)
Event: 5.830 Thread 0x000001f479edbf60 8503 %     3       org.jetbrains.kotlin.resolve.OverrideResolver$Companion::isRelevant @ 8 (70 bytes)
Event: 5.831 Thread 0x000001f479edbf60 nmethod 8503% 0x000001f4016b4290 code [0x000001f4016b44c0, 0x000001f4016b5068]
Event: 5.831 Thread 0x000001f479edbf60 8504       3       org.jetbrains.kotlin.resolve.OverrideResolver$Companion::isRelevant (70 bytes)
Event: 5.831 Thread 0x000001f479edbf60 nmethod 8504 0x000001f4016b5290 code [0x000001f4016b54c0, 0x000001f4016b5fc8]
Event: 5.831 Thread 0x000001f479edbf60 8506 %     3       org.jetbrains.kotlin.resolve.OverrideResolver$Companion::collectOverriddenDeclarations @ 11 (105 bytes)
Event: 5.832 Thread 0x000001f479edbf60 nmethod 8506% 0x000001f4016b6210 code [0x000001f4016b6560, 0x000001f4016b7868]
Event: 5.832 Thread 0x000001f479edbf60 8505 %     3       org.jetbrains.kotlin.resolve.OverrideResolver$Companion::getRelevantDirectlyOverridden @ 12 (68 bytes)
Event: 5.832 Thread 0x000001f479edbf60 nmethod 8505% 0x000001f4016b7e10 code [0x000001f4016b8060, 0x000001f4016b8c68]
Event: 5.832 Thread 0x000001f479edbf60 8507       3       java.util.Collections::disjoint (109 bytes)
Event: 5.832 Thread 0x000001f479edbf60 nmethod 8507 0x000001f4016b8f90 code [0x000001f4016b91c0, 0x000001f4016b9c58]
Event: 5.833 Thread 0x000001f479edbf60 8508 %     3       org.jetbrains.kotlin.resolve.OverrideResolver$Companion::checkMissingOverridesByJava8Restrictions @ 23 (347 bytes)

GC Heap History (20 events):
Event: 2.581 GC heap after
{Heap after GC invocations=9 (full 0):
 garbage-first heap   total 110592K, used 25220K [0x0000000081200000, 0x0000000100000000)
  region size 1024K, 3 young (3072K), 3 survivors (3072K)
 Metaspace       used 35368K, committed 36096K, reserved 1114112K
  class space    used 4481K, committed 4864K, reserved 1048576K
}
Event: 3.278 GC heap before
{Heap before GC invocations=10 (full 0):
 garbage-first heap   total 92160K, used 80516K [0x0000000081200000, 0x0000000100000000)
  region size 1024K, 54 young (55296K), 3 survivors (3072K)
 Metaspace       used 41694K, committed 42432K, reserved 1114112K
  class space    used 5131K, committed 5504K, reserved 1048576K
}
Event: 3.295 GC heap after
{Heap after GC invocations=11 (full 0):
 garbage-first heap   total 95232K, used 37821K [0x0000000081200000, 0x0000000100000000)
  region size 1024K, 7 young (7168K), 7 survivors (7168K)
 Metaspace       used 41694K, committed 42432K, reserved 1114112K
  class space    used 5131K, committed 5504K, reserved 1048576K
}
Event: 3.658 GC heap before
{Heap before GC invocations=11 (full 0):
 garbage-first heap   total 95232K, used 69565K [0x0000000081200000, 0x0000000100000000)
  region size 1024K, 38 young (38912K), 7 survivors (7168K)
 Metaspace       used 43541K, committed 44288K, reserved 1114112K
  class space    used 5255K, committed 5632K, reserved 1048576K
}
Event: 3.670 GC heap after
{Heap after GC invocations=12 (full 0):
 garbage-first heap   total 95232K, used 42070K [0x0000000081200000, 0x0000000100000000)
  region size 1024K, 4 young (4096K), 4 survivors (4096K)
 Metaspace       used 43541K, committed 44288K, reserved 1114112K
  class space    used 5255K, committed 5632K, reserved 1048576K
}
Event: 4.399 GC heap before
{Heap before GC invocations=12 (full 0):
 garbage-first heap   total 95232K, used 70742K [0x0000000081200000, 0x0000000100000000)
  region size 1024K, 32 young (32768K), 4 survivors (4096K)
 Metaspace       used 50239K, committed 51072K, reserved 1114112K
  class space    used 6098K, committed 6528K, reserved 1048576K
}
Event: 4.409 GC heap after
{Heap after GC invocations=13 (full 0):
 garbage-first heap   total 95232K, used 46055K [0x0000000081200000, 0x0000000100000000)
  region size 1024K, 4 young (4096K), 4 survivors (4096K)
 Metaspace       used 50239K, committed 51072K, reserved 1114112K
  class space    used 6098K, committed 6528K, reserved 1048576K
}
Event: 4.822 GC heap before
{Heap before GC invocations=13 (full 0):
 garbage-first heap   total 95232K, used 72679K [0x0000000081200000, 0x0000000100000000)
  region size 1024K, 30 young (30720K), 4 survivors (4096K)
 Metaspace       used 51273K, committed 52032K, reserved 1114112K
  class space    used 6141K, committed 6528K, reserved 1048576K
}
Event: 4.834 GC heap after
{Heap after GC invocations=14 (full 0):
 garbage-first heap   total 114688K, used 50691K [0x0000000081200000, 0x0000000100000000)
  region size 1024K, 4 young (4096K), 4 survivors (4096K)
 Metaspace       used 51273K, committed 52032K, reserved 1114112K
  class space    used 6141K, committed 6528K, reserved 1048576K
}
Event: 5.188 GC heap before
{Heap before GC invocations=15 (full 0):
 garbage-first heap   total 114688K, used 85507K [0x0000000081200000, 0x0000000100000000)
  region size 1024K, 38 young (38912K), 4 survivors (4096K)
 Metaspace       used 51943K, committed 52736K, reserved 1114112K
  class space    used 6227K, committed 6656K, reserved 1048576K
}
Event: 5.203 GC heap after
{Heap after GC invocations=16 (full 0):
 garbage-first heap   total 114688K, used 56772K [0x0000000081200000, 0x0000000100000000)
  region size 1024K, 5 young (5120K), 5 survivors (5120K)
 Metaspace       used 51943K, committed 52736K, reserved 1114112K
  class space    used 6227K, committed 6656K, reserved 1048576K
}
Event: 5.217 GC heap before
{Heap before GC invocations=16 (full 0):
 garbage-first heap   total 114688K, used 57796K [0x0000000081200000, 0x0000000100000000)
  region size 1024K, 6 young (6144K), 5 survivors (5120K)
 Metaspace       used 51961K, committed 52800K, reserved 1114112K
  class space    used 6227K, committed 6656K, reserved 1048576K
}
Event: 5.223 GC heap after
{Heap after GC invocations=17 (full 0):
 garbage-first heap   total 114688K, used 56905K [0x0000000081200000, 0x0000000100000000)
  region size 1024K, 1 young (1024K), 1 survivors (1024K)
 Metaspace       used 51961K, committed 52800K, reserved 1114112K
  class space    used 6227K, committed 6656K, reserved 1048576K
}
Event: 5.460 GC heap before
{Heap before GC invocations=17 (full 0):
 garbage-first heap   total 114688K, used 87625K [0x0000000081200000, 0x0000000100000000)
  region size 1024K, 31 young (31744K), 1 survivors (1024K)
 Metaspace       used 52656K, committed 53440K, reserved 1114112K
  class space    used 6304K, committed 6720K, reserved 1048576K
}
Event: 5.468 GC heap after
{Heap after GC invocations=18 (full 0):
 garbage-first heap   total 114688K, used 61060K [0x0000000081200000, 0x0000000100000000)
  region size 1024K, 4 young (4096K), 4 survivors (4096K)
 Metaspace       used 52656K, committed 53440K, reserved 1114112K
  class space    used 6304K, committed 6720K, reserved 1048576K
}
Event: 5.729 GC heap before
{Heap before GC invocations=19 (full 0):
 garbage-first heap   total 114688K, used 88708K [0x0000000081200000, 0x0000000100000000)
  region size 1024K, 31 young (31744K), 4 survivors (4096K)
 Metaspace       used 52922K, committed 53696K, reserved 1114112K
  class space    used 6320K, committed 6720K, reserved 1048576K
}
Event: 5.739 GC heap after
{Heap after GC invocations=20 (full 0):
 garbage-first heap   total 114688K, used 65014K [0x0000000081200000, 0x0000000100000000)
  region size 1024K, 4 young (4096K), 4 survivors (4096K)
 Metaspace       used 52922K, committed 53696K, reserved 1114112K
  class space    used 6320K, committed 6720K, reserved 1048576K
}
Event: 5.741 GC heap before
{Heap before GC invocations=20 (full 0):
 garbage-first heap   total 114688K, used 66038K [0x0000000081200000, 0x0000000100000000)
  region size 1024K, 5 young (5120K), 4 survivors (4096K)
 Metaspace       used 52922K, committed 53696K, reserved 1114112K
  class space    used 6320K, committed 6720K, reserved 1048576K
}
Event: 5.745 GC heap after
{Heap after GC invocations=21 (full 0):
 garbage-first heap   total 114688K, used 64498K [0x0000000081200000, 0x0000000100000000)
  region size 1024K, 1 young (1024K), 1 survivors (1024K)
 Metaspace       used 52922K, committed 53696K, reserved 1114112K
  class space    used 6320K, committed 6720K, reserved 1048576K
}
Event: 5.833 GC heap before
{Heap before GC invocations=21 (full 0):
 garbage-first heap   total 114688K, used 90098K [0x0000000081200000, 0x0000000100000000)
  region size 1024K, 26 young (26624K), 1 survivors (1024K)
 Metaspace       used 53193K, committed 54016K, reserved 1114112K
  class space    used 6342K, committed 6784K, reserved 1048576K
}

Deoptimization events (20 events):
Event: 5.795 Thread 0x000001f46b6a9810 DEOPT PACKING pc=0x000001f407e357d8 sp=0x0000008df49fc890
Event: 5.795 Thread 0x000001f46b6a9810 DEOPT UNPACKING pc=0x000001f4000523a3 sp=0x0000008df49fc838 mode 2
Event: 5.799 Thread 0x000001f46b6a9810 Uncommon trap: trap_request=0xffffff76 fr.pc=0x000001f407de2314 relative=0x0000000000000474
Event: 5.799 Thread 0x000001f46b6a9810 Uncommon trap: reason=predicate action=maybe_recompile pc=0x000001f407de2314 method=java.util.Arrays$ArrayList.indexOf(Ljava/lang/Object;)I @ 39 c2
Event: 5.799 Thread 0x000001f46b6a9810 DEOPT PACKING pc=0x000001f407de2314 sp=0x0000008df49fcec0
Event: 5.799 Thread 0x000001f46b6a9810 DEOPT UNPACKING pc=0x000001f4000523a3 sp=0x0000008df49fce48 mode 2
Event: 5.809 Thread 0x000001f46b6a9810 DEOPT PACKING pc=0x000001f4016464cf sp=0x0000008df49fde70
Event: 5.809 Thread 0x000001f46b6a9810 DEOPT UNPACKING pc=0x000001f400052b43 sp=0x0000008df49fd360 mode 0
Event: 5.824 Thread 0x000001f46b6a9810 Uncommon trap: trap_request=0xffffffc6 fr.pc=0x000001f407e66938 relative=0x0000000000007378
Event: 5.824 Thread 0x000001f46b6a9810 Uncommon trap: reason=bimorphic_or_optimized_type_check action=maybe_recompile pc=0x000001f407e66938 method=org.jetbrains.kotlin.descriptors.impl.FunctionDescriptorImpl.doSubstitute(Lorg/jetbrains/kotlin/descriptors/impl/FunctionDescriptorImpl$CopyConfigu
Event: 5.824 Thread 0x000001f46b6a9810 DEOPT PACKING pc=0x000001f407e66938 sp=0x0000008df49fdd70
Event: 5.824 Thread 0x000001f46b6a9810 DEOPT UNPACKING pc=0x000001f4000523a3 sp=0x0000008df49fdda0 mode 2
Event: 5.824 Thread 0x000001f46b6a9810 Uncommon trap: trap_request=0xffffffc6 fr.pc=0x000001f407e66938 relative=0x0000000000007378
Event: 5.824 Thread 0x000001f46b6a9810 Uncommon trap: reason=bimorphic_or_optimized_type_check action=maybe_recompile pc=0x000001f407e66938 method=org.jetbrains.kotlin.descriptors.impl.FunctionDescriptorImpl.doSubstitute(Lorg/jetbrains/kotlin/descriptors/impl/FunctionDescriptorImpl$CopyConfigu
Event: 5.824 Thread 0x000001f46b6a9810 DEOPT PACKING pc=0x000001f407e66938 sp=0x0000008df49fdd70
Event: 5.824 Thread 0x000001f46b6a9810 DEOPT UNPACKING pc=0x000001f4000523a3 sp=0x0000008df49fdda0 mode 2
Event: 5.824 Thread 0x000001f46b6a9810 Uncommon trap: trap_request=0xffffffc6 fr.pc=0x000001f407e66938 relative=0x0000000000007378
Event: 5.824 Thread 0x000001f46b6a9810 Uncommon trap: reason=bimorphic_or_optimized_type_check action=maybe_recompile pc=0x000001f407e66938 method=org.jetbrains.kotlin.descriptors.impl.FunctionDescriptorImpl.doSubstitute(Lorg/jetbrains/kotlin/descriptors/impl/FunctionDescriptorImpl$CopyConfigu
Event: 5.824 Thread 0x000001f46b6a9810 DEOPT PACKING pc=0x000001f407e66938 sp=0x0000008df49fdd70
Event: 5.824 Thread 0x000001f46b6a9810 DEOPT UNPACKING pc=0x000001f4000523a3 sp=0x0000008df49fdda0 mode 2

Classes loaded (20 events):
Event: 4.007 Loading class java/util/stream/Node$OfLong done
Event: 4.007 Loading class java/util/stream/Nodes$EmptyNode$OfLong done
Event: 4.007 Loading class java/util/stream/Nodes$EmptyNode$OfDouble
Event: 4.007 Loading class java/util/stream/Node$OfDouble
Event: 4.007 Loading class java/util/stream/Node$OfDouble done
Event: 4.007 Loading class java/util/stream/Nodes$EmptyNode$OfDouble done
Event: 4.007 Loading class java/util/stream/Nodes$SpinedNodeBuilder
Event: 4.007 Loading class java/util/stream/Node$Builder
Event: 4.007 Loading class java/util/stream/Node$Builder done
Event: 4.007 Loading class java/util/stream/SpinedBuffer
Event: 4.007 Loading class java/util/stream/AbstractSpinedBuffer
Event: 4.007 Loading class java/util/stream/AbstractSpinedBuffer done
Event: 4.007 Loading class java/util/stream/SpinedBuffer done
Event: 4.007 Loading class java/util/stream/Nodes$SpinedNodeBuilder done
Event: 4.008 Loading class java/util/stream/SortedOps$RefSortingSink
Event: 4.008 Loading class java/util/stream/SortedOps$AbstractRefSortingSink
Event: 4.008 Loading class java/util/stream/SortedOps$AbstractRefSortingSink done
Event: 4.008 Loading class java/util/stream/SortedOps$RefSortingSink done
Event: 4.034 Loading class java/util/HashMap$EntrySpliterator
Event: 4.034 Loading class java/util/HashMap$EntrySpliterator done

Classes unloaded (0 events):
No events

Classes redefined (0 events):
No events

Internal exceptions (20 events):
Event: 4.004 Thread 0x000001f46b6a9810 Exception <a 'java/lang/NoSuchMethodError'{0x0000000085ca37e0}: 'int java.lang.invoke.DirectMethodHandle$Holder.invokeSpecialIFC(java.lang.Object, java.lang.Object, java.lang.Object, java.lang.Object, java.lang.Object)'> (0x0000000085ca37e0) 
thrown [s\open\src\hotspot\share\interpreter\linkResolver.cpp, line 759]
Event: 4.009 Thread 0x000001f46b6a9810 Exception <a 'java/lang/NoSuchMethodError'{0x0000000085cc5c40}: 'void java.lang.invoke.DirectMethodHandle$Holder.invokeInterface(java.lang.Object, java.lang.Object, java.lang.Object)'> (0x0000000085cc5c40) 
thrown [s\open\src\hotspot\share\interpreter\linkResolver.cpp, line 759]
Event: 4.034 Thread 0x000001f46b6a9810 Exception <a 'java/lang/NoSuchMethodError'{0x0000000085a04e38}: 'void java.lang.invoke.DirectMethodHandle$Holder.invokeInterface(java.lang.Object, java.lang.Object)'> (0x0000000085a04e38) 
thrown [s\open\src\hotspot\share\interpreter\linkResolver.cpp, line 759]
Event: 5.048 Thread 0x000001f46b6a9810 Exception <a 'java/lang/NoSuchMethodError'{0x00000000866670a0}: 'java.lang.Object java.lang.invoke.DirectMethodHandle$Holder.newInvokeSpecial(java.lang.Object, int, java.lang.Object)'> (0x00000000866670a0) 
thrown [s\open\src\hotspot\share\interpreter\linkResolver.cpp, line 759]
Event: 5.125 Thread 0x000001f46b6a9810 Implicit null exception at 0x000001f407b9643e to 0x000001f407b9685c
Event: 5.125 Thread 0x000001f46b6a9810 Implicit null exception at 0x000001f407c71ecc to 0x000001f407c71fa8
Event: 5.757 Thread 0x000001f46b6a9810 Implicit null exception at 0x000001f407d206e4 to 0x000001f407d25c30
Event: 5.758 Thread 0x000001f46b6a9810 Implicit null exception at 0x000001f407d206e4 to 0x000001f407d25c30
Event: 5.758 Thread 0x000001f46b6a9810 Implicit null exception at 0x000001f407d206e4 to 0x000001f407d25c30
Event: 5.758 Thread 0x000001f46b6a9810 Implicit null exception at 0x000001f407d206e4 to 0x000001f407d25c30
Event: 5.758 Thread 0x000001f46b6a9810 Implicit null exception at 0x000001f407d206e4 to 0x000001f407d25c30
Event: 5.758 Thread 0x000001f46b6a9810 Implicit null exception at 0x000001f407d206e4 to 0x000001f407d25c30
Event: 5.758 Thread 0x000001f46b6a9810 Implicit null exception at 0x000001f407d206e4 to 0x000001f407d25c30
Event: 5.758 Thread 0x000001f46b6a9810 Implicit null exception at 0x000001f407d206e4 to 0x000001f407d25c30
Event: 5.758 Thread 0x000001f46b6a9810 Implicit null exception at 0x000001f407d206e4 to 0x000001f407d25c30
Event: 5.758 Thread 0x000001f46b6a9810 Implicit null exception at 0x000001f407d206e4 to 0x000001f407d25c30
Event: 5.758 Thread 0x000001f46b6a9810 Implicit null exception at 0x000001f407d206e4 to 0x000001f407d25c30
Event: 5.758 Thread 0x000001f46b6a9810 Implicit null exception at 0x000001f407d2db50 to 0x000001f407d32e74
Event: 5.758 Thread 0x000001f46b6a9810 Implicit null exception at 0x000001f407d49671 to 0x000001f407d4d724
Event: 5.761 Thread 0x000001f46b6a9810 Implicit null exception at 0x000001f407d37ea5 to 0x000001f407d380f3

VM Operations (20 events):
Event: 5.326 Executing VM operation: ICBufferFull done
Event: 5.428 Executing VM operation: ICBufferFull
Event: 5.428 Executing VM operation: ICBufferFull done
Event: 5.460 Executing VM operation: G1CollectForAllocation
Event: 5.468 Executing VM operation: G1CollectForAllocation done
Event: 5.547 Executing VM operation: G1Concurrent
Event: 5.555 Executing VM operation: G1Concurrent done
Event: 5.591 Executing VM operation: G1Concurrent
Event: 5.592 Executing VM operation: G1Concurrent done
Event: 5.703 Executing VM operation: HandshakeAllThreads
Event: 5.703 Executing VM operation: HandshakeAllThreads done
Event: 5.729 Executing VM operation: G1CollectForAllocation
Event: 5.739 Executing VM operation: G1CollectForAllocation done
Event: 5.741 Executing VM operation: G1CollectForAllocation
Event: 5.745 Executing VM operation: G1CollectForAllocation done
Event: 5.753 Executing VM operation: HandshakeAllThreads
Event: 5.754 Executing VM operation: HandshakeAllThreads done
Event: 5.820 Executing VM operation: ICBufferFull
Event: 5.820 Executing VM operation: ICBufferFull done
Event: 5.833 Executing VM operation: G1CollectForAllocation

Events (20 events):
Event: 4.450 Thread 0x000001f479ee0870 flushing nmethod 0x000001f4010b4390
Event: 4.450 Thread 0x000001f479ee0870 flushing nmethod 0x000001f4010b7710
Event: 4.450 Thread 0x000001f479ee0870 flushing nmethod 0x000001f4010d6490
Event: 4.450 Thread 0x000001f479ee0870 flushing nmethod 0x000001f4010d9690
Event: 4.450 Thread 0x000001f479ee0870 flushing nmethod 0x000001f4010dfa90
Event: 4.451 Thread 0x000001f479ee0870 flushing nmethod 0x000001f4010e3490
Event: 4.451 Thread 0x000001f479ee0870 flushing nmethod 0x000001f4010e4710
Event: 4.451 Thread 0x000001f479ee0870 flushing nmethod 0x000001f4010e7010
Event: 4.451 Thread 0x000001f479ee0870 flushing nmethod 0x000001f4010e9790
Event: 4.451 Thread 0x000001f479ee0870 flushing nmethod 0x000001f4010ebc90
Event: 4.451 Thread 0x000001f479ee0870 flushing nmethod 0x000001f4010ef990
Event: 4.451 Thread 0x000001f479ee0870 flushing nmethod 0x000001f4010f0090
Event: 4.451 Thread 0x000001f479ee0870 flushing nmethod 0x000001f40110e910
Event: 4.451 Thread 0x000001f479ee0870 flushing nmethod 0x000001f40110f110
Event: 5.318 Thread 0x000001f479ee0870 flushing nmethod 0x000001f4007fa010
Event: 5.320 Thread 0x000001f479ee0870 flushing nmethod 0x000001f400c06990
Event: 5.321 Thread 0x000001f479ee0870 flushing nmethod 0x000001f400c17210
Event: 5.321 Thread 0x000001f479ee0870 flushing nmethod 0x000001f400c31a90
Event: 5.321 Thread 0x000001f479ee0870 flushing nmethod 0x000001f400d18e90
Event: 5.321 Thread 0x000001f479ee0870 flushing nmethod 0x000001f400d28c90


Dynamic libraries:
0x00007ff704970000 - 0x00007ff704980000 	C:\Program Files\Java\jdk-18.0.2.1\bin\java.exe
0x00007ffffdcd0000 - 0x00007ffffdec8000 	C:\Windows\SYSTEM32\ntdll.dll
0x00007ffffd150000 - 0x00007ffffd20d000 	C:\Windows\System32\KERNEL32.DLL
0x00007ffffb550000 - 0x00007ffffb81e000 	C:\Windows\System32\KERNELBASE.dll
0x00007ffffba30000 - 0x00007ffffbb30000 	C:\Windows\System32\ucrtbase.dll
0x00007fffab5e0000 - 0x00007fffab5fa000 	C:\Program Files\Java\jdk-18.0.2.1\bin\VCRUNTIME140.dll
0x00007fffab600000 - 0x00007fffab618000 	C:\Program Files\Java\jdk-18.0.2.1\bin\jli.dll
0x00007ffffd210000 - 0x00007ffffd2be000 	C:\Windows\System32\ADVAPI32.dll
0x00007ffffd4b0000 - 0x00007ffffd54e000 	C:\Windows\System32\msvcrt.dll
0x00007ffffcf20000 - 0x00007ffffcfbc000 	C:\Windows\System32\sechost.dll
0x00007ffffd2d0000 - 0x00007ffffd3f5000 	C:\Windows\System32\RPCRT4.dll
0x00007ffffd550000 - 0x00007ffffd6f0000 	C:\Windows\System32\USER32.dll
0x00007fffd83f0000 - 0x00007fffd868a000 	C:\Windows\WinSxS\amd64_microsoft.windows.common-controls_6595b64144ccf1df_6.0.19041.1110_none_60b5254171f9507e\COMCTL32.dll
0x00007ffffbba0000 - 0x00007ffffbbc2000 	C:\Windows\System32\win32u.dll
0x00007ffffc9a0000 - 0x00007ffffc9ca000 	C:\Windows\System32\GDI32.dll
0x00007ffffb870000 - 0x00007ffffb97b000 	C:\Windows\System32\gdi32full.dll
0x00007ffffb4b0000 - 0x00007ffffb54d000 	C:\Windows\System32\msvcp_win.dll
0x00007ffff2f50000 - 0x00007ffff2f5a000 	C:\Windows\SYSTEM32\VERSION.dll
0x00007ffffc700000 - 0x00007ffffc730000 	C:\Windows\System32\IMM32.DLL
0x00007fffd4190000 - 0x00007fffd419c000 	C:\Program Files\Java\jdk-18.0.2.1\bin\vcruntime140_1.dll
0x00007fff92c50000 - 0x00007fff92cdd000 	C:\Program Files\Java\jdk-18.0.2.1\bin\msvcp140.dll
0x00007fff92030000 - 0x00007fff92c41000 	C:\Program Files\Java\jdk-18.0.2.1\bin\server\jvm.dll
0x00007ffffce00000 - 0x00007ffffce08000 	C:\Windows\System32\PSAPI.DLL
0x00007ffff2db0000 - 0x00007ffff2dd7000 	C:\Windows\SYSTEM32\WINMM.dll
0x00007fffebf80000 - 0x00007fffebf89000 	C:\Windows\SYSTEM32\WSOCK32.dll
0x00007ffffcd90000 - 0x00007ffffcdfb000 	C:\Windows\System32\WS2_32.dll
0x00007ffff9310000 - 0x00007ffff9322000 	C:\Windows\SYSTEM32\kernel.appcore.dll
0x00007fffab5d0000 - 0x00007fffab5da000 	C:\Program Files\Java\jdk-18.0.2.1\bin\jimage.dll
0x00007ffff5300000 - 0x00007ffff54e4000 	C:\Windows\SYSTEM32\DBGHELP.DLL
0x00007fffe8170000 - 0x00007fffe819c000 	C:\Windows\SYSTEM32\dbgcore.DLL
0x00007ffffb420000 - 0x00007ffffb4a2000 	C:\Windows\System32\bcryptPrimitives.dll
0x00007fffab5a0000 - 0x00007fffab5c5000 	C:\Program Files\Java\jdk-18.0.2.1\bin\java.dll
0x00007fff91f50000 - 0x00007fff92026000 	C:\Program Files\Java\jdk-18.0.2.1\bin\jsvml.dll
0x00007ffffbe50000 - 0x00007ffffc594000 	C:\Windows\System32\SHELL32.dll
0x00007ffff9510000 - 0x00007ffff9ca4000 	C:\Windows\SYSTEM32\windows.storage.dll
0x00007ffffca30000 - 0x00007ffffcd84000 	C:\Windows\System32\combase.dll
0x00007ffffae50000 - 0x00007ffffae80000 	C:\Windows\SYSTEM32\Wldp.dll
0x00007ffffd400000 - 0x00007ffffd4ad000 	C:\Windows\System32\SHCORE.dll
0x00007ffffc940000 - 0x00007ffffc995000 	C:\Windows\System32\shlwapi.dll
0x00007ffffb330000 - 0x00007ffffb34f000 	C:\Windows\SYSTEM32\profapi.dll
0x00007fff91f30000 - 0x00007fff91f43000 	C:\Program Files\Java\jdk-18.0.2.1\bin\net.dll
0x00007ffff6180000 - 0x00007ffff628a000 	C:\Windows\SYSTEM32\WINHTTP.dll
0x00007ffffabb0000 - 0x00007ffffac1a000 	C:\Windows\system32\mswsock.dll
0x00007fff91f10000 - 0x00007fff91f26000 	C:\Program Files\Java\jdk-18.0.2.1\bin\nio.dll
0x00007fff91ef0000 - 0x00007fff91f08000 	C:\Program Files\Java\jdk-18.0.2.1\bin\zip.dll
0x00007fff91ee0000 - 0x00007fff91ef0000 	C:\Program Files\Java\jdk-18.0.2.1\bin\verify.dll

dbghelp: loaded successfully - version: 4.0.5 - missing functions: none
symbol engine: initialized successfully - sym options: 0x614 - pdb path: .;C:\Program Files\Java\jdk-18.0.2.1\bin;C:\Windows\SYSTEM32;C:\Windows\WinSxS\amd64_microsoft.windows.common-controls_6595b64144ccf1df_6.0.19041.1110_none_60b5254171f9507e;C:\Program Files\Java\jdk-18.0.2.1\bin\server

VM Arguments:
java_command: org.jetbrains.kotlin.cli.jvm.K2JVMCompiler @D:\Front-end\Projects\React native cli\myNative\node_modules\react-native-screens\android\build\20220827_8720879369841526026.compiler.options
java_class_path (initial): C:\Users\booge\.gradle\caches\modules-2\files-2.1\org.jetbrains.kotlin\kotlin-compiler-embeddable\1.6.21\97bdd5a752ce73b58ef16c17bc7f0ea2faff7a2e\kotlin-compiler-embeddable-1.6.21.jar;C:\Users\booge\.gradle\caches\modules-2\files-2.1\org.jetbrains.kotlin\kotlin-reflect\1.6.21\5dc3574d9b7bebfcb4ec6b10ada4aaa9e140bd0b\kotlin-reflect-1.6.21.jar;C:\Users\booge\.gradle\caches\modules-2\files-2.1\org.jetbrains.kotlin\kotlin-stdlib\1.6.21\11ef67f1900634fd951bad28c53ec957fabbe5b8\kotlin-stdlib-1.6.21.jar;C:\Users\booge\.gradle\caches\modules-2\files-2.1\org.jetbrains.kotlin\kotlin-script-runtime\1.6.21\99c6675100da5d6d5b1c5a1032f27f28008d101b\kotlin-script-runtime-1.6.21.jar;C:\Users\booge\.gradle\caches\modules-2\files-2.1\org.jetbrains.kotlin\kotlin-daemon-embeddable\1.6.21\46b78cf392e1c4f10854c3cadba44abb7b82250f\kotlin-daemon-embeddable-1.6.21.jar;C:\Users\booge\.gradle\caches\modules-2\files-2.1\org.jetbrains.intellij.deps\trove4j\1.0.20200330\3afb14d5f9ceb459d724e907a21145e8ff394f02\trove4j-1.0.20200330.jar;C:\Users\booge\.gradle\caches\modules-2\files-2.1\net.java.dev.jna\jna\5.6.0\330f2244e9030119ab3030fc3fededc86713d9cc\jna-5.6.0.jar;C:\Users\booge\.gradle\caches\modules-2\files-2.1\org.jetbrains.kotlin\kotlin-stdlib-common\1.6.21\5e5b55c26dbc80372a920aef60eb774b714559b8\kotlin-stdlib-common-1.6.21.jar;C:\Users\booge\.gradle\caches\modules-2\files-2.1\org.jetbrains\annotations\13.0\919f0dfe192fb4e063e7dacadee7f8bb9a2672a9\annotations-13.0.jar
Launcher Type: SUN_STANDARD

[Global flags]
     intx CICompilerCount                          = 3                                         {product} {ergonomic}
     uint ConcGCThreads                            = 1                                         {product} {ergonomic}
     uint G1ConcRefinementThreads                  = 4                                         {product} {ergonomic}
   size_t G1HeapRegionSize                         = 1048576                                   {product} {ergonomic}
    uintx GCDrainStackTargetSize                   = 64                                        {product} {ergonomic}
   size_t InitialHeapSize                          = 134217728                                 {product} {ergonomic}
   size_t MarkStackSize                            = 4194304                                   {product} {ergonomic}
   size_t MaxHeapSize                              = 2128609280                                {product} {ergonomic}
   size_t MaxNewSize                               = 1277165568                                {product} {ergonomic}
   size_t MinHeapDeltaBytes                        = 1048576                                   {product} {ergonomic}
   size_t MinHeapSize                              = 8388608                                   {product} {ergonomic}
    uintx NonNMethodCodeHeapSize                   = 5832780                                {pd product} {ergonomic}
    uintx NonProfiledCodeHeapSize                  = 122912730                              {pd product} {ergonomic}
    uintx ProfiledCodeHeapSize                     = 122912730                              {pd product} {ergonomic}
    uintx ReservedCodeCacheSize                    = 251658240                              {pd product} {ergonomic}
     bool SegmentedCodeCache                       = true                                      {product} {ergonomic}
   size_t SoftMaxHeapSize                          = 2128609280                             {manageable} {ergonomic}
     bool UseCompressedClassPointers               = true                           {product lp64_product} {ergonomic}
     bool UseCompressedOops                        = true                           {product lp64_product} {ergonomic}
     bool UseG1GC                                  = true                                      {product} {ergonomic}
     bool UseLargePagesIndividualAllocation        = false                                  {pd product} {ergonomic}

Logging:
Log output configuration:
 #0: stdout all=warning uptime,level,tags foldmultilines=false
 #1: stderr all=off uptime,level,tags foldmultilines=false

Environment Variables:
JAVA_HOME=C:\Program Files\Java\jdk-18.0.2.1
CLASSPATH=D:\Front-end\Projects\React native cli\myNative\android\\gradle\wrapper\gradle-wrapper.jar
PATH=D:\Front-end\Projects\React native cli\myNative\android\node_modules\.bin;D:\Front-end\Projects\React native cli\myNative\node_modules\.bin;D:\Front-end\Projects\React native cli\node_modules\.bin;D:\Front-end\Projects\node_modules\.bin;D:\Front-end\node_modules\.bin;D:\node_modules\.bin;C:\Program Files\nodejs;D:\Front-end\Projects\React native cli\myNative\node_modules\.bin;D:\Front-end\Projects\React native cli\node_modules\.bin;D:\Front-end\Projects\node_modules\.bin;D:\Front-end\node_modules\.bin;D:\node_modules\.bin;C:\Program Files\nodejs\node_modules\npm\node_modules\@npmcli\run-script\lib\node-gyp-bin;D:\Front-end\Projects\React native cli\myNative\node_modules\.bin;C:\Users\booge\bin;C:\Program Files\Git\mingw64\bin;C:\Program Files\Git\usr\local\bin;C:\Program Files\Git\usr\bin;C:\Program Files\Git\usr\bin;C:\Program Files\Git\mingw64\bin;C:\Program Files\Git\usr\bin;C:\Users\booge\bin;C:\Program Files\Common Files\Oracle\Java\javapath;C:\Windows\system32;C:\Windows;C:\Windows\System32\Wbem;C:\Windows\System32\WindowsPowerShell\v1.0;C:\Windows\System32\OpenSSH;C:\Program Files\nodejs;C:\Program Files\Git\cmd;C:\Program Files\dotnet;C:\Users\booge\AppData\Local\Microsoft\WindowsApps;C:\Users\booge\AppData\Roaming\npm;C:\Users\booge\AppData\Local\Programs\Microsoft VS Code\bin;C:\Users\booge\AppData\Local\Android\Sdk\platform-tools;C:\Program Files\Java\jdk-18.0.2.1\bin;C:\Program Files\Git\usr\bin\vendor_perl;C:\Program Files\Git\usr\bin\core_perl
USERNAME=booge
SHELL=C:\Program Files\Git\usr\bin\bash.exe
DISPLAY=needs-to-be-defined
LANG=ru_RU.UTF-8
OS=Windows_NT
PROCESSOR_IDENTIFIER=Intel64 Family 6 Model 60 Stepping 3, GenuineIntel



---------------  S Y S T E M  ---------------

OS:
 Windows 10 , 64 bit Build 19041 (10.0.19041.1889)
OS uptime: 0 days 0:32 hours

CPU: total 4 (initial active 4) (4 cores per cpu, 1 threads per core) family 6 model 60 stepping 3 microcode 0x27, cx8, cmov, fxsr, mmx, sse, sse2, sse3, ssse3, sse4.1, sse4.2, popcnt, lzcnt, tsc, tscinvbit, avx, avx2, aes, erms, clmul, bmi1, bmi2, fma, vzeroupper, clflush

Memory: 4k page, system-wide physical 8119M (1095M free)
TotalPageFile size 16619M (AvailPageFile size 203M)
current process WorkingSet (physical memory assigned to process): 286M, peak: 292M
current process commit charge ("private bytes"): 337M, peak: 542M

vm_info: Java HotSpot(TM) 64-Bit Server VM (18.0.2.1+1-1) for windows-amd64 JRE (18.0.2.1+1-1), built on Aug 16 2022 01:46:33 by "mach5one" with MS VC++ 16.8 / 16.9 (VS2019)

END.
